<?xml version="1.0" encoding="UTF-8"?>
<TestRun id="e7ac2f18-7e80-4266-838f-a22268902803" name="King Wilder@KWLATITUDE-PC 2012-04-15 19:13:23" runUser="KWLatitude-PC\King Wilder" xmlns="http://microsoft.com/schemas/VisualStudio/TeamTest/2010">
  <TestSettings name="Local" id="62b80d9b-8758-4aa4-86bc-006c49cbb856">
    <Description>These are default test settings for a local test run.</Description>
    <Deployment enabled="false" runDeploymentRoot="King Wilder_KWLATITUDE-PC 2012-04-15 19_13_23">
      <DeploymentItem filename="C:\VSProjects\CondorXE\CondorXE\Src\Condor.Core\bin\Release\Condor.Core.dll" />
      <DeploymentItem filename="C:\Program Files (x86)\MyGeneration13\MyMeta.dll" />
      <DeploymentItem filename="C:\Program Files (x86)\MyGeneration13\PluginInterfaces.dll" />
      <DeploymentItem filename="C:\Program Files (x86)\MyGeneration13\Dnp.Utils.dll" />
      <DeploymentItem filename="C:\VSProjects\CondorXE\CondorXE\Src\Condor.Fakes\bin\Debug\Condor.Fakes.dll" />
      <DeploymentItem filename="C:\VSProjects\CondorXE\CondorXE\Plugins\GizmoBeach.Components\bin\Debug\GizmoBeach.Components.dll" />
    </Deployment>
    <Execution>
      <TestTypeSpecific />
      <AgentRule name="Execution Agents">
      </AgentRule>
    </Execution>
  </TestSettings>
  <Times creation="2012-04-15T19:13:23.4253989-07:00" queuing="2012-04-15T19:13:23.6457994-07:00" start="2012-04-15T19:13:23.6769994-07:00" finish="2012-04-15T19:13:23.9890000-07:00" />
  <ResultSummary outcome="Failed">
    <Counters total="4" executed="4" passed="2" error="0" failed="2" timeout="0" aborted="0" inconclusive="0" passedButRunAborted="0" notRunnable="0" notExecuted="0" disconnected="0" warning="0" completed="0" inProgress="0" pending="0" />
  </ResultSummary>
  <TestDefinitions>
    <UnitTest name="standard_orm_class_with_entityframework_usings" storage="c:\vsprojects\condorxe\condorxe\plugins\gizmobeach.components.tests\bin\debug\gizmobeach.components.tests.dll" id="a6aba230-fa88-489f-23ce-4b5c544eaddb">
      <Execution id="99595be4-9aa9-4bc5-9684-221d98c1deee" />
      <TestMethod codeBase="C:/VSProjects/CondorXE/CondorXE/Plugins/GizmoBeach.Components.Tests/bin/Debug/GizmoBeach.Components.Tests.DLL" adapterTypeName="Microsoft.VisualStudio.TestTools.TestTypes.Unit.UnitTestAdapter, Microsoft.VisualStudio.QualityTools.Tips.UnitTest.Adapter, Version=10.0.0.0, Culture=neutral, PublicKeyToken=b03f5f7f11d50a3a" className="GizmoBeach.Components.Tests.ORMFrameworkCompositionTests, GizmoBeach.Components.Tests, Version=1.0.0.0, Culture=neutral, PublicKeyToken=null" name="standard_orm_class_with_entityframework_usings" />
    </UnitTest>
    <UnitTest name="write_the_standard_class_wrapper" storage="c:\vsprojects\condorxe\condorxe\plugins\gizmobeach.components.tests\bin\debug\gizmobeach.components.tests.dll" id="29ce6121-18de-7dd2-4987-27767c06cce7">
      <Execution id="40b70c6b-e742-4f7d-8a96-68fca7a38bfd" />
      <TestMethod codeBase="C:/VSProjects/CondorXE/CondorXE/Plugins/GizmoBeach.Components.Tests/bin/Debug/GizmoBeach.Components.Tests.DLL" adapterTypeName="Microsoft.VisualStudio.TestTools.TestTypes.Unit.UnitTestAdapter, Microsoft.VisualStudio.QualityTools.Tips.UnitTest.Adapter, Version=10.0.0.0, Culture=neutral, PublicKeyToken=b03f5f7f11d50a3a" className="GizmoBeach.Components.Tests.ORMFrameworkCompositionTests, GizmoBeach.Components.Tests, Version=1.0.0.0, Culture=neutral, PublicKeyToken=null" name="write_the_standard_class_wrapper" />
    </UnitTest>
    <UnitTest name="standard_orm_class_with_entityspaces_usings" storage="c:\vsprojects\condorxe\condorxe\plugins\gizmobeach.components.tests\bin\debug\gizmobeach.components.tests.dll" id="2996c028-9c24-2af0-6fde-121db2ab84f4">
      <Execution id="0ea09d50-b366-48af-9d94-bcf90f46e096" />
      <TestMethod codeBase="C:/VSProjects/CondorXE/CondorXE/Plugins/GizmoBeach.Components.Tests/bin/Debug/GizmoBeach.Components.Tests.DLL" adapterTypeName="Microsoft.VisualStudio.TestTools.TestTypes.Unit.UnitTestAdapter, Microsoft.VisualStudio.QualityTools.Tips.UnitTest.Adapter, Version=10.0.0.0, Culture=neutral, PublicKeyToken=b03f5f7f11d50a3a" className="GizmoBeach.Components.Tests.ORMFrameworkCompositionTests, GizmoBeach.Components.Tests, Version=1.0.0.0, Culture=neutral, PublicKeyToken=null" name="standard_orm_class_with_entityspaces_usings" />
    </UnitTest>
    <UnitTest name="full_test_with_concrete_entityframework_class_and_usings" storage="c:\vsprojects\condorxe\condorxe\plugins\gizmobeach.components.tests\bin\debug\gizmobeach.components.tests.dll" id="e9e40dd2-d162-657a-1493-986699d183ab">
      <Execution id="d6884f06-f744-4932-af9c-5b2450557b95" />
      <TestMethod codeBase="C:/VSProjects/CondorXE/CondorXE/Plugins/GizmoBeach.Components.Tests/bin/Debug/GizmoBeach.Components.Tests.DLL" adapterTypeName="Microsoft.VisualStudio.TestTools.TestTypes.Unit.UnitTestAdapter, Microsoft.VisualStudio.QualityTools.Tips.UnitTest.Adapter, Version=10.0.0.0, Culture=neutral, PublicKeyToken=b03f5f7f11d50a3a" className="GizmoBeach.Components.Tests.ORMFrameworkCompositionTests, GizmoBeach.Components.Tests, Version=1.0.0.0, Culture=neutral, PublicKeyToken=null" name="full_test_with_concrete_entityframework_class_and_usings" />
    </UnitTest>
  </TestDefinitions>
  <TestLists>
    <TestList name="Results Not in a List" id="8c84fa94-04c1-424b-9868-57a2d4851a1d" />
    <TestList name="All Loaded Results" id="19431567-8539-422a-85d7-44ee4e166bda" />
  </TestLists>
  <TestEntries>
    <TestEntry testId="2996c028-9c24-2af0-6fde-121db2ab84f4" executionId="0ea09d50-b366-48af-9d94-bcf90f46e096" testListId="8c84fa94-04c1-424b-9868-57a2d4851a1d" />
    <TestEntry testId="29ce6121-18de-7dd2-4987-27767c06cce7" executionId="40b70c6b-e742-4f7d-8a96-68fca7a38bfd" testListId="8c84fa94-04c1-424b-9868-57a2d4851a1d" />
    <TestEntry testId="a6aba230-fa88-489f-23ce-4b5c544eaddb" executionId="99595be4-9aa9-4bc5-9684-221d98c1deee" testListId="8c84fa94-04c1-424b-9868-57a2d4851a1d" />
    <TestEntry testId="e9e40dd2-d162-657a-1493-986699d183ab" executionId="d6884f06-f744-4932-af9c-5b2450557b95" testListId="8c84fa94-04c1-424b-9868-57a2d4851a1d" />
  </TestEntries>
  <Results>
    <UnitTestResult executionId="0ea09d50-b366-48af-9d94-bcf90f46e096" testId="2996c028-9c24-2af0-6fde-121db2ab84f4" testName="standard_orm_class_with_entityspaces_usings" computerName="KWLATITUDE-PC" duration="00:00:00.0170812" startTime="2012-04-15T19:13:23.6769994-07:00" endTime="2012-04-15T19:13:23.9265999-07:00" testType="13cdc9d9-ddb5-4fa4-a97d-d965ccfc6d4b" outcome="Passed" testListId="8c84fa94-04c1-424b-9868-57a2d4851a1d" relativeResultsDirectory="0ea09d50-b366-48af-9d94-bcf90f46e096">
    </UnitTestResult>
    <UnitTestResult executionId="40b70c6b-e742-4f7d-8a96-68fca7a38bfd" testId="29ce6121-18de-7dd2-4987-27767c06cce7" testName="write_the_standard_class_wrapper" computerName="KWLATITUDE-PC" duration="00:00:00.0006632" startTime="2012-04-15T19:13:23.9265999-07:00" endTime="2012-04-15T19:13:23.9265999-07:00" testType="13cdc9d9-ddb5-4fa4-a97d-d965ccfc6d4b" outcome="Passed" testListId="8c84fa94-04c1-424b-9868-57a2d4851a1d" relativeResultsDirectory="40b70c6b-e742-4f7d-8a96-68fca7a38bfd">
      <Output>
        <StdOut>namespace BlogApp.DataObjects.EntityFramework.SQLServer
{
	public class BlogBaseDao : ICRUDDao&lt;BlogApp.BusinessObjects.Blog&gt;
	{
	
	}
}
namespace BlogApp.DataObjects.EntityFramework.SQLServer
{
	public class SQLServerBlogDao : BlogBaseDao, IBlogDao
	{
	
	}
}
namespace BlogApp.DataObjects.Interfaces
{
	public interface IBlogDao : ICRUDDao&lt;BlogApp.BusinessObjects.Blog&gt;
	{
	
	}
}</StdOut>
      </Output>
    </UnitTestResult>
    <UnitTestResult executionId="99595be4-9aa9-4bc5-9684-221d98c1deee" testId="a6aba230-fa88-489f-23ce-4b5c544eaddb" testName="standard_orm_class_with_entityframework_usings" computerName="KWLATITUDE-PC" duration="00:00:00.0267134" startTime="2012-04-15T19:13:23.9265999-07:00" endTime="2012-04-15T19:13:23.9577999-07:00" testType="13cdc9d9-ddb5-4fa4-a97d-d965ccfc6d4b" outcome="Failed" testListId="8c84fa94-04c1-424b-9868-57a2d4851a1d" relativeResultsDirectory="99595be4-9aa9-4bc5-9684-221d98c1deee">
      <Output>
        <ErrorInfo>
          <Message>Assert.AreEqual failed. Expected:&lt;using System;
using System.Collections.Generic;
using System.Data;
using System.Linq;

using BlogApp.DataObjects.Interfaces;
using BlogApp.DataObjects.EntityFramework.EntityMapper;
namespace BlogApp.DataObjects.EntityFramework.SQLServer
{
	public class BlogBaseDao : ICRUDDao&lt;BlogApp.BusinessObjects.Blog&gt;
	{
	
	}
}
using System;
using System.Collections.Generic;
using System.Linq;
using System.Linq.Dynamic;
using BlogApp.DataObjects.Interfaces;
using BlogApp.DataObjects.EntityFramework.EntityMapper;
namespace BlogApp.DataObjects.EntityFramework.SQLServer
{
	public class SQLServerBlogDao : BlogBaseDao, IBlogDao
	{
	
	}
}
namespace BlogApp.DataObjects.Interfaces
{
	public interface IBlogDao : ICRUDDao&lt;BlogApp.BusinessObjects.Blog&gt;
	{
	
	}
}
&gt;. Actual:&lt;using System;
using System.Collections.Generic;
using System.Data;
using System.Linq;

using BlogApp.DataObjectss.Interfaces;
using BlogApp.DataObjectss.EntityFramework.EntityMapper;
namespace BlogApp.DataObjects.EntityFramework.SQLServer
{
	public class BlogBaseDao : ICRUDDao&lt;BlogApp.BusinessObjects.Blog&gt;
	{
	
	}
}
using System;
using System.Collections.Generic;
using System.Linq;
using System.Linq.Dynamic;
using BlogApp.DataObjects.Interfaces;
using BlogApp.DataObjects.EntityFramework.EntityMapper;
namespace BlogApp.DataObjects.EntityFramework.SQLServer
{
	public class SQLServerBlogDao : BlogBaseDao, IBlogDao
	{
	
	}
}
namespace BlogApp.DataObjects.Interfaces
{
	public interface IBlogDao : ICRUDDao&lt;BlogApp.BusinessObjects.Blog&gt;
	{
	
	}
}
&gt;. </Message>
          <StackTrace>   at GizmoBeach.Components.Tests.ORMFrameworkCompositionTests.standard_orm_class_with_entityframework_usings() in C:\VSProjects\CondorXE\CondorXE\Plugins\GizmoBeach.Components.Tests\ORMFrameworkCompositionTests.cs:line 112
</StackTrace>
        </ErrorInfo>
      </Output>
    </UnitTestResult>
    <UnitTestResult executionId="d6884f06-f744-4932-af9c-5b2450557b95" testId="e9e40dd2-d162-657a-1493-986699d183ab" testName="full_test_with_concrete_entityframework_class_and_usings" computerName="KWLATITUDE-PC" duration="00:00:00.0021389" startTime="2012-04-15T19:13:23.9577999-07:00" endTime="2012-04-15T19:13:23.9733999-07:00" testType="13cdc9d9-ddb5-4fa4-a97d-d965ccfc6d4b" outcome="Failed" testListId="8c84fa94-04c1-424b-9868-57a2d4851a1d" relativeResultsDirectory="d6884f06-f744-4932-af9c-5b2450557b95">
      <Output>
        <ErrorInfo>
          <Message>Assert.AreEqual failed. Expected:&lt;using System;
using System.Collections.Generic;
using System.Data;
using System.Linq;

using BlogApp.DataObjects.Interfaces;
using BlogApp.DataObjects.EntityFramework.EntityMapper;
namespace BlogApp.DataObjects.EntityFramework.SQLServer
{
	public class BlogBaseDao : ICRUDDao&lt;BlogApp.BusinessObjects.Blog&gt;
	{
	
	}
}
using System;
using System.Collections.Generic;
using System.Linq;
using System.Linq.Dynamic;
using BlogApp.DataObjects.Interfaces;
using BlogApp.DataObjects.EntityFramework.EntityMapper;
namespace BlogApp.DataObjects.EntityFramework.SQLServer
{
	public class SQLServerBlogDao : BlogBaseDao, IBlogDao
	{
	
	}
}
using System;
using System.Collections.Generic;
using System.Linq;
namespace BlogApp.DataObjects.Interfaces
{
	public interface IBlogDao : ICRUDDao&lt;BlogApp.BusinessObjects.Blog&gt;
	{
	
	}
}
&gt;. Actual:&lt;using System;
using System.Collections.Generic;
using System.Data;
using System.Linq;

using BlogApp.DataObjectss.Interfaces;
using BlogApp.DataObjectss.EntityFramework.EntityMapper;
namespace BlogApp.DataObjects.EntityFramework.SQLServer
{
	public class BlogBaseDao : ICRUDDao&lt;BlogApp.BusinessObjects.Blog&gt;
	{
	
	}
}
using System;
using System.Collections.Generic;
using System.Linq;
using System.Linq.Dynamic;
using BlogApp.DataObjects.Interfaces;
using BlogApp.DataObjects.EntityFramework.EntityMapper;
namespace BlogApp.DataObjects.EntityFramework.SQLServer
{
	public class SQLServerBlogDao : BlogBaseDao, IBlogDao
	{
	
	}
}
using System;
using System.Collections.Generic;
using System.Linq;
namespace BlogApp.DataObjects.Interfaces
{
	public interface IBlogDao : ICRUDDao&lt;BlogApp.BusinessObjects.Blog&gt;
	{
	
	}
}
&gt;. </Message>
          <StackTrace>   at GizmoBeach.Components.Tests.ORMFrameworkCompositionTests.full_test_with_concrete_entityframework_class_and_usings() in C:\VSProjects\CondorXE\CondorXE\Plugins\GizmoBeach.Components.Tests\ORMFrameworkCompositionTests.cs:line 213
</StackTrace>
        </ErrorInfo>
      </Output>
    </UnitTestResult>
  </Results>
</TestRun>