<?xml version="1.0" encoding="UTF-8"?>
<TestRun id="4f9b9750-08f1-4a5b-bb02-ab7ddf4f8129" name="King Wilder@KWLATITUDE-PC 2012-03-25 16:10:15" runUser="KWLatitude-PC\King Wilder" xmlns="http://microsoft.com/schemas/VisualStudio/TeamTest/2010">
  <TestSettings name="Local" id="62b80d9b-8758-4aa4-86bc-006c49cbb856">
    <Description>These are default test settings for a local test run.</Description>
    <Deployment enabled="false" runDeploymentRoot="King Wilder_KWLATITUDE-PC 2012-03-25 16_10_15">
      <DeploymentItem filename="C:\Program Files (x86)\MyGeneration13\Dnp.Utils.dll" />
      <DeploymentItem filename="C:\Program Files (x86)\MyGeneration13\MyMeta.dll" />
      <DeploymentItem filename="C:\Program Files (x86)\MyGeneration13\PluginInterfaces.dll" />
    </Deployment>
    <Execution>
      <TestTypeSpecific />
      <AgentRule name="Execution Agents">
      </AgentRule>
    </Execution>
  </TestSettings>
  <Times creation="2012-03-25T16:10:15.4191346-07:00" queuing="2012-03-25T16:10:15.4659347-07:00" start="2012-03-25T16:10:15.4815347-07:00" finish="2012-03-25T16:10:15.6999351-07:00" />
  <ResultSummary outcome="Completed">
    <Counters total="1" executed="1" passed="1" error="0" failed="0" timeout="0" aborted="0" inconclusive="0" passedButRunAborted="0" notRunnable="0" notExecuted="0" disconnected="0" warning="0" completed="0" inProgress="0" pending="0" />
  </ResultSummary>
  <TestDefinitions>
    <UnitTest name="create_mapper_property_for_int_column" storage="c:\vsprojects\condorxe\condorxe\plugins\gizmobeach.components.tests\bin\release\gizmobeach.components.tests.dll" id="79e8efcd-50fc-e234-11f4-85788fc4f182">
      <Execution id="2528e759-6946-41ce-baaf-f2c68da40b5c" />
      <TestMethod codeBase="C:/VSProjects/CondorXE/CondorXE/Plugins/GizmoBeach.Components.Tests/bin/Release/GizmoBeach.Components.Tests.DLL" adapterTypeName="Microsoft.VisualStudio.TestTools.TestTypes.Unit.UnitTestAdapter, Microsoft.VisualStudio.QualityTools.Tips.UnitTest.Adapter, Version=10.0.0.0, Culture=neutral, PublicKeyToken=b03f5f7f11d50a3a" className="GizmoBeach.Components.Tests.EntitySpacesMappingTests, GizmoBeach.Components.Tests, Version=1.0.0.0, Culture=neutral, PublicKeyToken=null" name="create_mapper_property_for_int_column" />
    </UnitTest>
  </TestDefinitions>
  <TestLists>
    <TestList name="Results Not in a List" id="8c84fa94-04c1-424b-9868-57a2d4851a1d" />
    <TestList name="All Loaded Results" id="19431567-8539-422a-85d7-44ee4e166bda" />
  </TestLists>
  <TestEntries>
    <TestEntry testId="79e8efcd-50fc-e234-11f4-85788fc4f182" executionId="2528e759-6946-41ce-baaf-f2c68da40b5c" testListId="8c84fa94-04c1-424b-9868-57a2d4851a1d" />
  </TestEntries>
  <Results>
    <UnitTestResult executionId="2528e759-6946-41ce-baaf-f2c68da40b5c" testId="79e8efcd-50fc-e234-11f4-85788fc4f182" testName="create_mapper_property_for_int_column" computerName="KWLATITUDE-PC" duration="00:00:00.0162683" startTime="2012-03-25T16:10:15.4815347-07:00" endTime="2012-03-25T16:10:15.6843351-07:00" testType="13cdc9d9-ddb5-4fa4-a97d-d965ccfc6d4b" outcome="Passed" testListId="8c84fa94-04c1-424b-9868-57a2d4851a1d" relativeResultsDirectory="2528e759-6946-41ce-baaf-f2c68da40b5c">
    </UnitTestResult>
  </Results>
</TestRun>