<?xml version="1.0" encoding="UTF-8"?>
<TestRun id="3ee5af0f-c136-4f3d-9d27-e08303cca1ba" name="King Wilder@KWLATITUDE-PC 2012-04-15 11:02:39" runUser="KWLatitude-PC\King Wilder" xmlns="http://microsoft.com/schemas/VisualStudio/TeamTest/2010">
  <TestSettings name="Local" id="62b80d9b-8758-4aa4-86bc-006c49cbb856">
    <Description>These are default test settings for a local test run.</Description>
    <Deployment enabled="false" runDeploymentRoot="King Wilder_KWLATITUDE-PC 2012-04-15 11_02_39">
      <DeploymentItem filename="C:\Program Files (x86)\MyGeneration13\MyMeta.dll" />
      <DeploymentItem filename="C:\Program Files (x86)\MyGeneration13\PluginInterfaces.dll" />
      <DeploymentItem filename="C:\Program Files (x86)\MyGeneration13\Dnp.Utils.dll" />
      <DeploymentItem filename="C:\VSProjects\CondorXE\CondorXE\Plugins\GizmoBeach.Components\bin\Debug\Condor.Core.dll" />
      <DeploymentItem filename="C:\VSProjects\CondorXE\CondorXE\Plugins\GizmoBeach.Components\bin\Debug\GizmoBeach.Components.dll" />
      <DeploymentItem filename="C:\VSProjects\CondorXE\CondorXE\Src\Condor.Fakes\bin\Debug\Condor.Fakes.dll" />
    </Deployment>
    <Execution>
      <TestTypeSpecific />
      <AgentRule name="Execution Agents">
      </AgentRule>
    </Execution>
  </TestSettings>
  <Times creation="2012-04-15T11:02:39.5383477-07:00" queuing="2012-04-15T11:02:39.5715479-07:00" start="2012-04-15T11:02:39.5871479-07:00" finish="2012-04-15T11:02:39.8211483-07:00" />
  <ResultSummary outcome="Completed">
    <Counters total="4" executed="4" passed="4" error="0" failed="0" timeout="0" aborted="0" inconclusive="0" passedButRunAborted="0" notRunnable="0" notExecuted="0" disconnected="0" warning="0" completed="0" inProgress="0" pending="0" />
  </ResultSummary>
  <TestDefinitions>
    <UnitTest name="standard_orm_class_with_entityframework_usings" storage="c:\vsprojects\condorxe\condorxe\plugins\gizmobeach.components.tests\bin\debug\gizmobeach.components.tests.dll" id="a6aba230-fa88-489f-23ce-4b5c544eaddb">
      <Execution id="9ab7c651-03af-40bb-af9f-a0f52dfa7657" />
      <TestMethod codeBase="C:/VSProjects/CondorXE/CondorXE/Plugins/GizmoBeach.Components.Tests/bin/Debug/GizmoBeach.Components.Tests.DLL" adapterTypeName="Microsoft.VisualStudio.TestTools.TestTypes.Unit.UnitTestAdapter, Microsoft.VisualStudio.QualityTools.Tips.UnitTest.Adapter, Version=10.0.0.0, Culture=neutral, PublicKeyToken=b03f5f7f11d50a3a" className="GizmoBeach.Components.Tests.ORMFrameworkCompositionTests, GizmoBeach.Components.Tests, Version=1.0.0.0, Culture=neutral, PublicKeyToken=null" name="standard_orm_class_with_entityframework_usings" />
    </UnitTest>
    <UnitTest name="write_the_standard_class_wrapper" storage="c:\vsprojects\condorxe\condorxe\plugins\gizmobeach.components.tests\bin\debug\gizmobeach.components.tests.dll" id="29ce6121-18de-7dd2-4987-27767c06cce7">
      <Execution id="1766dccf-557f-4758-8562-ccf13f5b7609" />
      <TestMethod codeBase="C:/VSProjects/CondorXE/CondorXE/Plugins/GizmoBeach.Components.Tests/bin/Debug/GizmoBeach.Components.Tests.DLL" adapterTypeName="Microsoft.VisualStudio.TestTools.TestTypes.Unit.UnitTestAdapter, Microsoft.VisualStudio.QualityTools.Tips.UnitTest.Adapter, Version=10.0.0.0, Culture=neutral, PublicKeyToken=b03f5f7f11d50a3a" className="GizmoBeach.Components.Tests.ORMFrameworkCompositionTests, GizmoBeach.Components.Tests, Version=1.0.0.0, Culture=neutral, PublicKeyToken=null" name="write_the_standard_class_wrapper" />
    </UnitTest>
    <UnitTest name="standard_orm_class_with_entityspaces_usings" storage="c:\vsprojects\condorxe\condorxe\plugins\gizmobeach.components.tests\bin\debug\gizmobeach.components.tests.dll" id="2996c028-9c24-2af0-6fde-121db2ab84f4">
      <Execution id="a769fd1b-5a5d-42cb-bd2c-8437f86efe35" />
      <TestMethod codeBase="C:/VSProjects/CondorXE/CondorXE/Plugins/GizmoBeach.Components.Tests/bin/Debug/GizmoBeach.Components.Tests.DLL" adapterTypeName="Microsoft.VisualStudio.TestTools.TestTypes.Unit.UnitTestAdapter, Microsoft.VisualStudio.QualityTools.Tips.UnitTest.Adapter, Version=10.0.0.0, Culture=neutral, PublicKeyToken=b03f5f7f11d50a3a" className="GizmoBeach.Components.Tests.ORMFrameworkCompositionTests, GizmoBeach.Components.Tests, Version=1.0.0.0, Culture=neutral, PublicKeyToken=null" name="standard_orm_class_with_entityspaces_usings" />
    </UnitTest>
    <UnitTest name="full_test_with_concrete_entityframework_class_and_usings" storage="c:\vsprojects\condorxe\condorxe\plugins\gizmobeach.components.tests\bin\debug\gizmobeach.components.tests.dll" id="e9e40dd2-d162-657a-1493-986699d183ab">
      <Execution id="32373ff2-d138-4347-9f58-722728e5477e" />
      <TestMethod codeBase="C:/VSProjects/CondorXE/CondorXE/Plugins/GizmoBeach.Components.Tests/bin/Debug/GizmoBeach.Components.Tests.DLL" adapterTypeName="Microsoft.VisualStudio.TestTools.TestTypes.Unit.UnitTestAdapter, Microsoft.VisualStudio.QualityTools.Tips.UnitTest.Adapter, Version=10.0.0.0, Culture=neutral, PublicKeyToken=b03f5f7f11d50a3a" className="GizmoBeach.Components.Tests.ORMFrameworkCompositionTests, GizmoBeach.Components.Tests, Version=1.0.0.0, Culture=neutral, PublicKeyToken=null" name="full_test_with_concrete_entityframework_class_and_usings" />
    </UnitTest>
  </TestDefinitions>
  <TestLists>
    <TestList name="Results Not in a List" id="8c84fa94-04c1-424b-9868-57a2d4851a1d" />
    <TestList name="All Loaded Results" id="19431567-8539-422a-85d7-44ee4e166bda" />
  </TestLists>
  <TestEntries>
    <TestEntry testId="2996c028-9c24-2af0-6fde-121db2ab84f4" executionId="a769fd1b-5a5d-42cb-bd2c-8437f86efe35" testListId="8c84fa94-04c1-424b-9868-57a2d4851a1d" />
    <TestEntry testId="29ce6121-18de-7dd2-4987-27767c06cce7" executionId="1766dccf-557f-4758-8562-ccf13f5b7609" testListId="8c84fa94-04c1-424b-9868-57a2d4851a1d" />
    <TestEntry testId="a6aba230-fa88-489f-23ce-4b5c544eaddb" executionId="9ab7c651-03af-40bb-af9f-a0f52dfa7657" testListId="8c84fa94-04c1-424b-9868-57a2d4851a1d" />
    <TestEntry testId="e9e40dd2-d162-657a-1493-986699d183ab" executionId="32373ff2-d138-4347-9f58-722728e5477e" testListId="8c84fa94-04c1-424b-9868-57a2d4851a1d" />
  </TestEntries>
  <Results>
    <UnitTestResult executionId="a769fd1b-5a5d-42cb-bd2c-8437f86efe35" testId="2996c028-9c24-2af0-6fde-121db2ab84f4" testName="standard_orm_class_with_entityspaces_usings" computerName="KWLATITUDE-PC" duration="00:00:00.0156201" startTime="2012-04-15T11:02:39.5871479-07:00" endTime="2012-04-15T11:02:39.7743483-07:00" testType="13cdc9d9-ddb5-4fa4-a97d-d965ccfc6d4b" outcome="Passed" testListId="8c84fa94-04c1-424b-9868-57a2d4851a1d" relativeResultsDirectory="a769fd1b-5a5d-42cb-bd2c-8437f86efe35">
    </UnitTestResult>
    <UnitTestResult executionId="1766dccf-557f-4758-8562-ccf13f5b7609" testId="29ce6121-18de-7dd2-4987-27767c06cce7" testName="write_the_standard_class_wrapper" computerName="KWLATITUDE-PC" duration="00:00:00.0005631" startTime="2012-04-15T11:02:39.7899483-07:00" endTime="2012-04-15T11:02:39.7899483-07:00" testType="13cdc9d9-ddb5-4fa4-a97d-d965ccfc6d4b" outcome="Passed" testListId="8c84fa94-04c1-424b-9868-57a2d4851a1d" relativeResultsDirectory="1766dccf-557f-4758-8562-ccf13f5b7609">
      <Output>
        <StdOut>namespace BlogApp.DataObjects.EntityFramework.SQLServer
{
	public class BlogBaseDao : ICRUDDao&lt;BlogApp.BusinessObjects.Blog&gt;
	{
	
	}
}
namespace BlogApp.DataObjects.EntityFramework.SQLServer
{
	public class SQLServerBlogDao : BlogBaseDao, IBlogDao
	{
	
	}
}</StdOut>
      </Output>
    </UnitTestResult>
    <UnitTestResult executionId="9ab7c651-03af-40bb-af9f-a0f52dfa7657" testId="a6aba230-fa88-489f-23ce-4b5c544eaddb" testName="standard_orm_class_with_entityframework_usings" computerName="KWLATITUDE-PC" duration="00:00:00.0008103" startTime="2012-04-15T11:02:39.7899483-07:00" endTime="2012-04-15T11:02:39.7899483-07:00" testType="13cdc9d9-ddb5-4fa4-a97d-d965ccfc6d4b" outcome="Passed" testListId="8c84fa94-04c1-424b-9868-57a2d4851a1d" relativeResultsDirectory="9ab7c651-03af-40bb-af9f-a0f52dfa7657">
    </UnitTestResult>
    <UnitTestResult executionId="32373ff2-d138-4347-9f58-722728e5477e" testId="e9e40dd2-d162-657a-1493-986699d183ab" testName="full_test_with_concrete_entityframework_class_and_usings" computerName="KWLATITUDE-PC" duration="00:00:00.0006628" startTime="2012-04-15T11:02:39.7899483-07:00" endTime="2012-04-15T11:02:39.8055483-07:00" testType="13cdc9d9-ddb5-4fa4-a97d-d965ccfc6d4b" outcome="Passed" testListId="8c84fa94-04c1-424b-9868-57a2d4851a1d" relativeResultsDirectory="32373ff2-d138-4347-9f58-722728e5477e">
    </UnitTestResult>
  </Results>
</TestRun>