<?xml version="1.0" encoding="UTF-8"?>
<TestRun id="f2d28d83-f919-4639-8b4f-29fce1559ecb" name="King Wilder@KWLATITUDE-PC 2013-12-24 15:46:35" runUser="KWLatitude-PC\King Wilder" xmlns="http://microsoft.com/schemas/VisualStudio/TeamTest/2010">
  <TestSettings name="Local" id="62b80d9b-8758-4aa4-86bc-006c49cbb856">
    <Description>These are default test settings for a local test run.</Description>
    <Deployment enabled="false" runDeploymentRoot="King Wilder_KWLATITUDE-PC 2013-12-24 15_46_35">
      <DeploymentItem filename="C:\VSProjects\CondorXE\CondorXE\Src\Condor.Core\bin\Release\Condor.Core.dll" />
      <DeploymentItem filename="C:\Program Files (x86)\MyGeneration13\MyMeta.dll" />
      <DeploymentItem filename="C:\Program Files (x86)\MyGeneration13\PluginInterfaces.dll" />
      <DeploymentItem filename="C:\Program Files (x86)\MyGeneration13\Dnp.Utils.dll" />
      <DeploymentItem filename="C:\VSProjects\CondorXE\CondorXE\Plugins\GizmoBeach.Components\bin\Debug\GizmoBeach.Components.dll" />
      <DeploymentItem filename="C:\VSProjects\CondorXE\CondorXE\Src\Condor.Fakes\bin\Debug\Condor.Fakes.dll" />
    </Deployment>
    <Execution>
      <TestTypeSpecific />
      <AgentRule name="Execution Agents">
      </AgentRule>
    </Execution>
  </TestSettings>
  <Times creation="2013-12-24T15:46:35.4211606-08:00" queuing="2013-12-24T15:46:37.8221682-08:00" start="2013-12-24T15:46:37.8533682-08:00" finish="2013-12-24T15:46:38.4773693-08:00" />
  <ResultSummary outcome="Failed">
    <Counters total="1" executed="1" error="0" failed="1" timeout="0" aborted="0" inconclusive="0" passedButRunAborted="0" notRunnable="0" notExecuted="0" disconnected="0" warning="0" passed="0" completed="0" inProgress="0" pending="0" />
  </ResultSummary>
  <TestDefinitions>
    <UnitTest name="dataannotationswriter_test" storage="c:\vsprojects\condorxe\condorxe\plugins\gizmobeach.components.tests\bin\release\gizmobeach.components.tests.dll" id="49fd967b-d3a8-840b-fd7a-3286710c09bb">
      <Execution id="edd6a9ad-2f03-44f9-9827-40b253ce86ff" />
      <TestMethod codeBase="C:/VSProjects/CondorXE/CondorXE/Plugins/GizmoBeach.Components.Tests/bin/Release/GizmoBeach.Components.Tests.DLL" adapterTypeName="Microsoft.VisualStudio.TestTools.TestTypes.Unit.UnitTestAdapter, Microsoft.VisualStudio.QualityTools.Tips.UnitTest.Adapter, Version=10.0.0.0, Culture=neutral, PublicKeyToken=b03f5f7f11d50a3a" className="GizmoBeach.Components.Tests.BusinessObjectsTests, GizmoBeach.Components.Tests, Version=1.0.0.0, Culture=neutral, PublicKeyToken=null" name="dataannotationswriter_test" />
    </UnitTest>
  </TestDefinitions>
  <TestLists>
    <TestList name="Results Not in a List" id="8c84fa94-04c1-424b-9868-57a2d4851a1d" />
    <TestList name="All Loaded Results" id="19431567-8539-422a-85d7-44ee4e166bda" />
  </TestLists>
  <TestEntries>
    <TestEntry testId="49fd967b-d3a8-840b-fd7a-3286710c09bb" executionId="edd6a9ad-2f03-44f9-9827-40b253ce86ff" testListId="8c84fa94-04c1-424b-9868-57a2d4851a1d" />
  </TestEntries>
  <Results>
    <UnitTestResult executionId="edd6a9ad-2f03-44f9-9827-40b253ce86ff" testId="49fd967b-d3a8-840b-fd7a-3286710c09bb" testName="dataannotationswriter_test" computerName="KWLATITUDE-PC" duration="00:00:00.2827182" startTime="2013-12-24T15:46:37.9469684-08:00" endTime="2013-12-24T15:46:38.4617693-08:00" testType="13cdc9d9-ddb5-4fa4-a97d-d965ccfc6d4b" outcome="Failed" testListId="8c84fa94-04c1-424b-9868-57a2d4851a1d" relativeResultsDirectory="edd6a9ad-2f03-44f9-9827-40b253ce86ff">
      <Output>
        <ErrorInfo>
          <Message>Test method GizmoBeach.Components.Tests.BusinessObjectsTests.dataannotationswriter_test threw exception: 
System.NullReferenceException: Object reference not set to an instance of an object.</Message>
          <StackTrace>    at Condor.Core.RenderBase..ctor(IZeusOutput output) in C:\VSProjects\CondorXE\CondorXE\Src\Condor.Core\RenderBase.cs:line 20
   at GizmoBeach.Components.CodeWriters.DataAnnotationsWriter..ctor(RequestContext context, ITable table) in C:\VSProjects\CondorXE\CondorXE\Plugins\GizmoBeach.Components\CodeWriters\DataAnnotationsWriter.cs:line 21
   at GizmoBeach.Components.Tests.BusinessObjectsTests.dataannotationswriter_test() in C:\VSProjects\CondorXE\CondorXE\Plugins\GizmoBeach.Components.Tests\BusinessObjectsTests.cs:line 32
</StackTrace>
        </ErrorInfo>
      </Output>
    </UnitTestResult>
  </Results>
</TestRun>