<?xml version="1.0" encoding="UTF-8"?>
<TestRun id="8c89d670-2109-40d2-9bab-74febf229e6a" name="King Wilder@KWLATITUDE-PC 2012-04-15 11:14:42" runUser="KWLatitude-PC\King Wilder" xmlns="http://microsoft.com/schemas/VisualStudio/TeamTest/2010">
  <TestSettings name="Local" id="62b80d9b-8758-4aa4-86bc-006c49cbb856">
    <Description>These are default test settings for a local test run.</Description>
    <Deployment enabled="false" runDeploymentRoot="King Wilder_KWLATITUDE-PC 2012-04-15 11_14_42">
      <DeploymentItem filename="C:\Program Files (x86)\MyGeneration13\MyMeta.dll" />
      <DeploymentItem filename="C:\Program Files (x86)\MyGeneration13\PluginInterfaces.dll" />
      <DeploymentItem filename="C:\Program Files (x86)\MyGeneration13\Dnp.Utils.dll" />
      <DeploymentItem filename="C:\VSProjects\CondorXE\CondorXE\Plugins\GizmoBeach.Components\bin\Debug\Condor.Core.dll" />
      <DeploymentItem filename="C:\VSProjects\CondorXE\CondorXE\Plugins\GizmoBeach.Components\bin\Debug\GizmoBeach.Components.dll" />
      <DeploymentItem filename="C:\VSProjects\CondorXE\CondorXE\Src\Condor.Fakes\bin\Debug\Condor.Fakes.dll" />
    </Deployment>
    <Execution>
      <TestTypeSpecific />
      <AgentRule name="Execution Agents">
      </AgentRule>
    </Execution>
  </TestSettings>
  <Times creation="2012-04-15T11:14:42.1870968-07:00" queuing="2012-04-15T11:14:42.2182969-07:00" start="2012-04-15T11:14:42.2494970-07:00" finish="2012-04-15T11:14:42.4990974-07:00" />
  <ResultSummary outcome="Failed">
    <Counters total="1" executed="1" error="0" failed="1" timeout="0" aborted="0" inconclusive="0" passedButRunAborted="0" notRunnable="0" notExecuted="0" disconnected="0" warning="0" passed="0" completed="0" inProgress="0" pending="0" />
  </ResultSummary>
  <TestDefinitions>
    <UnitTest name="write_the_standard_class_wrapper" storage="c:\vsprojects\condorxe\condorxe\plugins\gizmobeach.components.tests\bin\debug\gizmobeach.components.tests.dll" id="29ce6121-18de-7dd2-4987-27767c06cce7">
      <Execution id="3f3a4667-92be-45ea-ae35-fbb6753e11c8" />
      <TestMethod codeBase="C:/VSProjects/CondorXE/CondorXE/Plugins/GizmoBeach.Components.Tests/bin/Debug/GizmoBeach.Components.Tests.DLL" adapterTypeName="Microsoft.VisualStudio.TestTools.TestTypes.Unit.UnitTestAdapter, Microsoft.VisualStudio.QualityTools.Tips.UnitTest.Adapter, Version=10.0.0.0, Culture=neutral, PublicKeyToken=b03f5f7f11d50a3a" className="GizmoBeach.Components.Tests.ORMFrameworkCompositionTests, GizmoBeach.Components.Tests, Version=1.0.0.0, Culture=neutral, PublicKeyToken=null" name="write_the_standard_class_wrapper" />
    </UnitTest>
  </TestDefinitions>
  <TestLists>
    <TestList name="Results Not in a List" id="8c84fa94-04c1-424b-9868-57a2d4851a1d" />
    <TestList name="All Loaded Results" id="19431567-8539-422a-85d7-44ee4e166bda" />
  </TestLists>
  <TestEntries>
    <TestEntry testId="29ce6121-18de-7dd2-4987-27767c06cce7" executionId="3f3a4667-92be-45ea-ae35-fbb6753e11c8" testListId="8c84fa94-04c1-424b-9868-57a2d4851a1d" />
  </TestEntries>
  <Results>
    <UnitTestResult executionId="3f3a4667-92be-45ea-ae35-fbb6753e11c8" testId="29ce6121-18de-7dd2-4987-27767c06cce7" testName="write_the_standard_class_wrapper" computerName="KWLATITUDE-PC" duration="00:00:00.0278346" startTime="2012-04-15T11:14:42.2806970-07:00" endTime="2012-04-15T11:14:42.4834974-07:00" testType="13cdc9d9-ddb5-4fa4-a97d-d965ccfc6d4b" outcome="Failed" testListId="8c84fa94-04c1-424b-9868-57a2d4851a1d" relativeResultsDirectory="3f3a4667-92be-45ea-ae35-fbb6753e11c8">
      <Output>
        <StdOut>namespace BlogApp.DataObjects.EntityFramework.SQLServer
{
	public class BlogBaseDao : ICRUDDao&lt;BlogApp.BusinessObjects.Blog&gt;
	{
	
	}
}
namespace BlogApp.DataObjects.EntityFramework.SQLServer
{
	public class SQLServerBlogDao : BlogBaseDao, IBlogDao
	{
	
	}
}
namespace BlogApp.DataObjects.Interfaces
{
	public interface IBlogDao : ICRUDDao&lt;BlogApp.BusinessObjects.Blog&gt;
	{
	
	}
}</StdOut>
        <ErrorInfo>
          <Message>Assert.AreEqual failed. Expected:&lt;namespace BlogApp.DataObjects.EntityFramework.SQLServer
{
	public class BlogBaseDao : ICRUDDao&lt;BlogApp.BusinessObjects.Blog&gt;
	{
	
	}
}
namespace BlogApp.DataObjects.EntityFramework.SQLServer
{
	public class SQLServerBlogDao : BlogBaseDao, IBlogDao
	{
	
	}
}
namespace BlogApp.DataObjects.Interfaces
{
public interface IBlogDao : ICRUDDao&lt;BlogApp.BusinessObjects.Blog&gt;
{

}
}
&gt;. Actual:&lt;namespace BlogApp.DataObjects.EntityFramework.SQLServer
{
	public class BlogBaseDao : ICRUDDao&lt;BlogApp.BusinessObjects.Blog&gt;
	{
	
	}
}
namespace BlogApp.DataObjects.EntityFramework.SQLServer
{
	public class SQLServerBlogDao : BlogBaseDao, IBlogDao
	{
	
	}
}
namespace BlogApp.DataObjects.Interfaces
{
	public interface IBlogDao : ICRUDDao&lt;BlogApp.BusinessObjects.Blog&gt;
	{
	
	}
}
&gt;. </Message>
          <StackTrace>   at GizmoBeach.Components.Tests.ORMFrameworkCompositionTests.write_the_standard_class_wrapper() in C:\VSProjects\CondorXE\CondorXE\Plugins\GizmoBeach.Components.Tests\ORMFrameworkCompositionTests.cs:line 60
</StackTrace>
        </ErrorInfo>
      </Output>
    </UnitTestResult>
  </Results>
</TestRun>