<?xml version="1.0" encoding="UTF-8"?>
<TestRun id="c2ef093c-2897-415f-9563-e5f9de59d1a0" name="King Wilder@KWLATITUDE-PC 2012-03-25 15:49:48" runUser="KWLatitude-PC\King Wilder" xmlns="http://microsoft.com/schemas/VisualStudio/TeamTest/2010">
  <TestSettings name="Local" id="62b80d9b-8758-4aa4-86bc-006c49cbb856">
    <Description>These are default test settings for a local test run.</Description>
    <Deployment enabled="false" runDeploymentRoot="King Wilder_KWLATITUDE-PC 2012-03-25 15_49_48">
      <DeploymentItem filename="C:\Program Files (x86)\MyGeneration13\Dnp.Utils.dll" />
      <DeploymentItem filename="C:\Program Files (x86)\MyGeneration13\MyMeta.dll" />
      <DeploymentItem filename="C:\Program Files (x86)\MyGeneration13\PluginInterfaces.dll" />
    </Deployment>
    <Execution>
      <TestTypeSpecific />
      <AgentRule name="Execution Agents">
      </AgentRule>
    </Execution>
  </TestSettings>
  <Times creation="2012-03-25T15:49:48.7033292-07:00" queuing="2012-03-25T15:49:48.7573322-07:00" start="2012-03-25T15:49:48.7713330-07:00" finish="2012-03-25T15:49:48.9775345-07:00" />
  <ResultSummary outcome="Completed">
    <Counters total="1" executed="1" passed="1" error="0" failed="0" timeout="0" aborted="0" inconclusive="0" passedButRunAborted="0" notRunnable="0" notExecuted="0" disconnected="0" warning="0" completed="0" inProgress="0" pending="0" />
  </ResultSummary>
  <TestDefinitions>
    <UnitTest name="create_complete_mapper_for_category_table" storage="c:\vsprojects\condorxe\condorxe\plugins\gizmobeach.components.tests\bin\release\gizmobeach.components.tests.dll" id="90a5de20-696e-10b2-f875-227ac9818437">
      <Execution id="6e3d8ff0-7856-4776-bf37-34e359a64fee" />
      <TestMethod codeBase="C:/VSProjects/CondorXE/CondorXE/Plugins/GizmoBeach.Components.Tests/bin/Release/GizmoBeach.Components.Tests.DLL" adapterTypeName="Microsoft.VisualStudio.TestTools.TestTypes.Unit.UnitTestAdapter, Microsoft.VisualStudio.QualityTools.Tips.UnitTest.Adapter, Version=10.0.0.0, Culture=neutral, PublicKeyToken=b03f5f7f11d50a3a" className="GizmoBeach.Components.Tests.EntitySpacesMappingTests, GizmoBeach.Components.Tests, Version=1.0.0.0, Culture=neutral, PublicKeyToken=null" name="create_complete_mapper_for_category_table" />
    </UnitTest>
  </TestDefinitions>
  <TestLists>
    <TestList name="Results Not in a List" id="8c84fa94-04c1-424b-9868-57a2d4851a1d" />
    <TestList name="All Loaded Results" id="19431567-8539-422a-85d7-44ee4e166bda" />
  </TestLists>
  <TestEntries>
    <TestEntry testId="90a5de20-696e-10b2-f875-227ac9818437" executionId="6e3d8ff0-7856-4776-bf37-34e359a64fee" testListId="8c84fa94-04c1-424b-9868-57a2d4851a1d" />
  </TestEntries>
  <Results>
    <UnitTestResult executionId="6e3d8ff0-7856-4776-bf37-34e359a64fee" testId="90a5de20-696e-10b2-f875-227ac9818437" testName="create_complete_mapper_for_category_table" computerName="KWLATITUDE-PC" duration="00:00:00.0124992" startTime="2012-03-25T15:49:48.7843338-07:00" endTime="2012-03-25T15:49:48.9619344-07:00" testType="13cdc9d9-ddb5-4fa4-a97d-d965ccfc6d4b" outcome="Passed" testListId="8c84fa94-04c1-424b-9868-57a2d4851a1d" relativeResultsDirectory="6e3d8ff0-7856-4776-bf37-34e359a64fee">
    </UnitTestResult>
  </Results>
</TestRun>