<?xml version="1.0" encoding="UTF-8"?>
<TestRun id="8a8a4597-3042-428c-a210-9bf0099610d9" name="King Wilder@KWLATITUDE-PC 2012-04-15 10:59:42" runUser="KWLatitude-PC\King Wilder" xmlns="http://microsoft.com/schemas/VisualStudio/TeamTest/2010">
  <TestSettings name="Local" id="62b80d9b-8758-4aa4-86bc-006c49cbb856">
    <Description>These are default test settings for a local test run.</Description>
    <Deployment enabled="false" runDeploymentRoot="King Wilder_KWLATITUDE-PC 2012-04-15 10_59_42">
      <DeploymentItem filename="C:\Program Files (x86)\MyGeneration13\MyMeta.dll" />
      <DeploymentItem filename="C:\Program Files (x86)\MyGeneration13\PluginInterfaces.dll" />
      <DeploymentItem filename="C:\Program Files (x86)\MyGeneration13\Dnp.Utils.dll" />
      <DeploymentItem filename="C:\VSProjects\CondorXE\CondorXE\Plugins\GizmoBeach.Components\bin\Debug\Condor.Core.dll" />
      <DeploymentItem filename="C:\VSProjects\CondorXE\CondorXE\Plugins\GizmoBeach.Components\bin\Debug\GizmoBeach.Components.dll" />
      <DeploymentItem filename="C:\VSProjects\CondorXE\CondorXE\Src\Condor.Fakes\bin\Debug\Condor.Fakes.dll" />
    </Deployment>
    <Execution>
      <TestTypeSpecific />
      <AgentRule name="Execution Agents">
      </AgentRule>
    </Execution>
  </TestSettings>
  <Times creation="2012-04-15T10:59:42.4408350-07:00" queuing="2012-04-15T10:59:42.4810356-07:00" start="2012-04-15T10:59:42.4810356-07:00" finish="2012-04-15T10:59:42.7306360-07:00" />
  <ResultSummary outcome="Failed">
    <Counters total="4" executed="4" passed="2" error="0" failed="2" timeout="0" aborted="0" inconclusive="0" passedButRunAborted="0" notRunnable="0" notExecuted="0" disconnected="0" warning="0" completed="0" inProgress="0" pending="0" />
  </ResultSummary>
  <TestDefinitions>
    <UnitTest name="standard_orm_class_with_entityframework_usings" storage="c:\vsprojects\condorxe\condorxe\plugins\gizmobeach.components.tests\bin\debug\gizmobeach.components.tests.dll" id="a6aba230-fa88-489f-23ce-4b5c544eaddb">
      <Execution id="ee274c44-3b0d-4cb9-9937-d150306c5ab2" />
      <TestMethod codeBase="C:/VSProjects/CondorXE/CondorXE/Plugins/GizmoBeach.Components.Tests/bin/Debug/GizmoBeach.Components.Tests.DLL" adapterTypeName="Microsoft.VisualStudio.TestTools.TestTypes.Unit.UnitTestAdapter, Microsoft.VisualStudio.QualityTools.Tips.UnitTest.Adapter, Version=10.0.0.0, Culture=neutral, PublicKeyToken=b03f5f7f11d50a3a" className="GizmoBeach.Components.Tests.ORMFrameworkCompositionTests, GizmoBeach.Components.Tests, Version=1.0.0.0, Culture=neutral, PublicKeyToken=null" name="standard_orm_class_with_entityframework_usings" />
    </UnitTest>
    <UnitTest name="write_the_standard_class_wrapper" storage="c:\vsprojects\condorxe\condorxe\plugins\gizmobeach.components.tests\bin\debug\gizmobeach.components.tests.dll" id="29ce6121-18de-7dd2-4987-27767c06cce7">
      <Execution id="ccd054d4-30b4-4ab1-8fb0-252f083f3f5a" />
      <TestMethod codeBase="C:/VSProjects/CondorXE/CondorXE/Plugins/GizmoBeach.Components.Tests/bin/Debug/GizmoBeach.Components.Tests.DLL" adapterTypeName="Microsoft.VisualStudio.TestTools.TestTypes.Unit.UnitTestAdapter, Microsoft.VisualStudio.QualityTools.Tips.UnitTest.Adapter, Version=10.0.0.0, Culture=neutral, PublicKeyToken=b03f5f7f11d50a3a" className="GizmoBeach.Components.Tests.ORMFrameworkCompositionTests, GizmoBeach.Components.Tests, Version=1.0.0.0, Culture=neutral, PublicKeyToken=null" name="write_the_standard_class_wrapper" />
    </UnitTest>
    <UnitTest name="standard_orm_class_with_entityspaces_usings" storage="c:\vsprojects\condorxe\condorxe\plugins\gizmobeach.components.tests\bin\debug\gizmobeach.components.tests.dll" id="2996c028-9c24-2af0-6fde-121db2ab84f4">
      <Execution id="2127c69a-b73a-4b19-ab7e-e1e34869c323" />
      <TestMethod codeBase="C:/VSProjects/CondorXE/CondorXE/Plugins/GizmoBeach.Components.Tests/bin/Debug/GizmoBeach.Components.Tests.DLL" adapterTypeName="Microsoft.VisualStudio.TestTools.TestTypes.Unit.UnitTestAdapter, Microsoft.VisualStudio.QualityTools.Tips.UnitTest.Adapter, Version=10.0.0.0, Culture=neutral, PublicKeyToken=b03f5f7f11d50a3a" className="GizmoBeach.Components.Tests.ORMFrameworkCompositionTests, GizmoBeach.Components.Tests, Version=1.0.0.0, Culture=neutral, PublicKeyToken=null" name="standard_orm_class_with_entityspaces_usings" />
    </UnitTest>
    <UnitTest name="full_test_with_concrete_entityframework_class_and_usings" storage="c:\vsprojects\condorxe\condorxe\plugins\gizmobeach.components.tests\bin\debug\gizmobeach.components.tests.dll" id="e9e40dd2-d162-657a-1493-986699d183ab">
      <Execution id="781d364d-320b-4c1c-b202-0e59e0ddd099" />
      <TestMethod codeBase="C:/VSProjects/CondorXE/CondorXE/Plugins/GizmoBeach.Components.Tests/bin/Debug/GizmoBeach.Components.Tests.DLL" adapterTypeName="Microsoft.VisualStudio.TestTools.TestTypes.Unit.UnitTestAdapter, Microsoft.VisualStudio.QualityTools.Tips.UnitTest.Adapter, Version=10.0.0.0, Culture=neutral, PublicKeyToken=b03f5f7f11d50a3a" className="GizmoBeach.Components.Tests.ORMFrameworkCompositionTests, GizmoBeach.Components.Tests, Version=1.0.0.0, Culture=neutral, PublicKeyToken=null" name="full_test_with_concrete_entityframework_class_and_usings" />
    </UnitTest>
  </TestDefinitions>
  <TestLists>
    <TestList name="Results Not in a List" id="8c84fa94-04c1-424b-9868-57a2d4851a1d" />
    <TestList name="All Loaded Results" id="19431567-8539-422a-85d7-44ee4e166bda" />
  </TestLists>
  <TestEntries>
    <TestEntry testId="2996c028-9c24-2af0-6fde-121db2ab84f4" executionId="2127c69a-b73a-4b19-ab7e-e1e34869c323" testListId="8c84fa94-04c1-424b-9868-57a2d4851a1d" />
    <TestEntry testId="29ce6121-18de-7dd2-4987-27767c06cce7" executionId="ccd054d4-30b4-4ab1-8fb0-252f083f3f5a" testListId="8c84fa94-04c1-424b-9868-57a2d4851a1d" />
    <TestEntry testId="a6aba230-fa88-489f-23ce-4b5c544eaddb" executionId="ee274c44-3b0d-4cb9-9937-d150306c5ab2" testListId="8c84fa94-04c1-424b-9868-57a2d4851a1d" />
    <TestEntry testId="e9e40dd2-d162-657a-1493-986699d183ab" executionId="781d364d-320b-4c1c-b202-0e59e0ddd099" testListId="8c84fa94-04c1-424b-9868-57a2d4851a1d" />
  </TestEntries>
  <Results>
    <UnitTestResult executionId="2127c69a-b73a-4b19-ab7e-e1e34869c323" testId="2996c028-9c24-2af0-6fde-121db2ab84f4" testName="standard_orm_class_with_entityspaces_usings" computerName="KWLATITUDE-PC" duration="00:00:00.0154182" startTime="2012-04-15T10:59:42.4966356-07:00" endTime="2012-04-15T10:59:42.6682359-07:00" testType="13cdc9d9-ddb5-4fa4-a97d-d965ccfc6d4b" outcome="Passed" testListId="8c84fa94-04c1-424b-9868-57a2d4851a1d" relativeResultsDirectory="2127c69a-b73a-4b19-ab7e-e1e34869c323">
    </UnitTestResult>
    <UnitTestResult executionId="ccd054d4-30b4-4ab1-8fb0-252f083f3f5a" testId="29ce6121-18de-7dd2-4987-27767c06cce7" testName="write_the_standard_class_wrapper" computerName="KWLATITUDE-PC" duration="00:00:00.0005721" startTime="2012-04-15T10:59:42.6838360-07:00" endTime="2012-04-15T10:59:42.6838360-07:00" testType="13cdc9d9-ddb5-4fa4-a97d-d965ccfc6d4b" outcome="Passed" testListId="8c84fa94-04c1-424b-9868-57a2d4851a1d" relativeResultsDirectory="ccd054d4-30b4-4ab1-8fb0-252f083f3f5a">
      <Output>
        <StdOut>namespace BlogApp.DataObjects.EntityFramework.SQLServer
{
	public class BlogBaseDao : ICRUDDao&lt;BlogApp.BusinessObjects.Blog&gt;
	{
	
	}
}
namespace BlogApp.DataObjects.EntityFramework.SQLServer
{
	public class SQLServerBlogDao : BlogBaseDao, IBlogDao
	{
	
	}
}</StdOut>
      </Output>
    </UnitTestResult>
    <UnitTestResult executionId="ee274c44-3b0d-4cb9-9937-d150306c5ab2" testId="a6aba230-fa88-489f-23ce-4b5c544eaddb" testName="standard_orm_class_with_entityframework_usings" computerName="KWLATITUDE-PC" duration="00:00:00.0172993" startTime="2012-04-15T10:59:42.6838360-07:00" endTime="2012-04-15T10:59:42.7150360-07:00" testType="13cdc9d9-ddb5-4fa4-a97d-d965ccfc6d4b" outcome="Failed" testListId="8c84fa94-04c1-424b-9868-57a2d4851a1d" relativeResultsDirectory="ee274c44-3b0d-4cb9-9937-d150306c5ab2">
      <Output>
        <ErrorInfo>
          <Message>Assert.AreEqual failed. Expected:&lt;using System;
using System.Collections.Generic;
using System.Data;
using System.Linq;

using BlogApp.DataObjects.Interfaces;
using BlogApp.DataObjects.EntityFramework.EntityMapper;
namespace BlogApp.DataObjects.EntityFramework.SQLServer
{
	public class BlogBaseDao : ICRUDDao&lt;BlogApp.BusinessObjects.Blog&gt;
	{
	
	}
}
namespace BlogApp.DataObjects.EntityFramework.SQLServer
{
	public class SQLServerBlogDao : BlogBaseDao, IBlogDao
	{
	
	}
}
&gt;. Actual:&lt;using System;
using System.Collections.Generic;
using System.Data;
using System.Linq;

using BlogApp.DataObjects.Interfaces;
using BlogApp.DataObjects.EntityFramework.EntityMapper;
namespace BlogApp.DataObjects.EntityFramework.SQLServer
{
	public class BlogBaseDao : ICRUDDao&lt;BlogApp.BusinessObjects.Blog&gt;
	{
	
	}
}
using System;
using System.Collections.Generic;
using System.Linq;
using System.Linq.Dynamic;
using BlogApp.DataObjects.Interfaces;
using BlogApp.DataObjects.EntityFramework.EntityMapper;
namespace BlogApp.DataObjects.EntityFramework.SQLServer
{
	public class SQLServerBlogDao : BlogBaseDao, IBlogDao
	{
	
	}
}
&gt;. </Message>
          <StackTrace>   at GizmoBeach.Components.Tests.ORMFrameworkCompositionTests.standard_orm_class_with_entityframework_usings() in C:\VSProjects\CondorXE\CondorXE\Plugins\GizmoBeach.Components.Tests\ORMFrameworkCompositionTests.cs:line 92
</StackTrace>
        </ErrorInfo>
      </Output>
    </UnitTestResult>
    <UnitTestResult executionId="781d364d-320b-4c1c-b202-0e59e0ddd099" testId="e9e40dd2-d162-657a-1493-986699d183ab" testName="full_test_with_concrete_entityframework_class_and_usings" computerName="KWLATITUDE-PC" duration="00:00:00.0025413" startTime="2012-04-15T10:59:42.7150360-07:00" endTime="2012-04-15T10:59:42.7150360-07:00" testType="13cdc9d9-ddb5-4fa4-a97d-d965ccfc6d4b" outcome="Failed" testListId="8c84fa94-04c1-424b-9868-57a2d4851a1d" relativeResultsDirectory="781d364d-320b-4c1c-b202-0e59e0ddd099">
      <Output>
        <ErrorInfo>
          <Message>Assert.AreEqual failed. Expected:&lt;using System;
using System.Collections.Generic;
using System.Data;
using System.Linq;

using BlogApp.DataObjects.Interfaces;
using BlogApp.DataObjects.EntityFramework.EntityMapper;
namespace BlogApp.DataObjects.EntityFramework.SQLServer
{
	public class BlogBaseDao : ICRUDDao&lt;BlogApp.BusinessObjects.Blog&gt;
	{
	
	}
}
namespace BlogApp.DataObjects.EntityFramework.SQLServer
{
	public class SQLServerBlogDao : BlogBaseDao, IBlogDao
	{
	
	}
}
&gt;. Actual:&lt;using System;
using System.Collections.Generic;
using System.Data;
using System.Linq;

using BlogApp.DataObjects.Interfaces;
using BlogApp.DataObjects.EntityFramework.EntityMapper;
namespace BlogApp.DataObjects.EntityFramework.SQLServer
{
	public class BlogBaseDao : ICRUDDao&lt;BlogApp.BusinessObjects.Blog&gt;
	{
	
	}
}
using System;
using System.Collections.Generic;
using System.Linq;
using System.Linq.Dynamic;
using BlogApp.DataObjects.Interfaces;
using BlogApp.DataObjects.EntityFramework.EntityMapper;
namespace BlogApp.DataObjects.EntityFramework.SQLServer
{
	public class SQLServerBlogDao : BlogBaseDao, IBlogDao
	{
	
	}
}
&gt;. </Message>
          <StackTrace>   at GizmoBeach.Components.Tests.ORMFrameworkCompositionTests.full_test_with_concrete_entityframework_class_and_usings() in C:\VSProjects\CondorXE\CondorXE\Plugins\GizmoBeach.Components.Tests\ORMFrameworkCompositionTests.cs:line 168
</StackTrace>
        </ErrorInfo>
      </Output>
    </UnitTestResult>
  </Results>
</TestRun>