<?xml version="1.0" encoding="UTF-8"?>
<TestRun id="9ba1b67b-a517-469e-aaab-8975c07499b3" name="King Wilder@KWLATITUDE-PC 2013-12-24 15:47:49" runUser="KWLatitude-PC\King Wilder" xmlns="http://microsoft.com/schemas/VisualStudio/TeamTest/2010">
  <TestSettings name="Local" id="62b80d9b-8758-4aa4-86bc-006c49cbb856">
    <Description>These are default test settings for a local test run.</Description>
    <Deployment enabled="false" runDeploymentRoot="King Wilder_KWLATITUDE-PC 2013-12-24 15_47_49">
      <DeploymentItem filename="C:\VSProjects\CondorXE\CondorXE\Src\Condor.Core\bin\Release\Condor.Core.dll" />
      <DeploymentItem filename="C:\Program Files (x86)\MyGeneration13\MyMeta.dll" />
      <DeploymentItem filename="C:\Program Files (x86)\MyGeneration13\PluginInterfaces.dll" />
      <DeploymentItem filename="C:\Program Files (x86)\MyGeneration13\Dnp.Utils.dll" />
      <DeploymentItem filename="C:\VSProjects\CondorXE\CondorXE\Plugins\GizmoBeach.Components\bin\Debug\GizmoBeach.Components.dll" />
      <DeploymentItem filename="C:\VSProjects\CondorXE\CondorXE\Src\Condor.Fakes\bin\Debug\Condor.Fakes.dll" />
    </Deployment>
    <Execution>
      <TestTypeSpecific />
      <AgentRule name="Execution Agents">
      </AgentRule>
    </Execution>
  </TestSettings>
  <Times creation="2013-12-24T15:47:49.2385636-08:00" queuing="2013-12-24T15:47:53.3379784-08:00" start="2013-12-24T15:47:53.4783787-08:00" finish="2013-12-24T15:49:11.6107264-08:00" />
  <ResultSummary outcome="Error">
    <Counters total="1" executed="1" error="0" failed="0" timeout="0" aborted="1" inconclusive="0" passedButRunAborted="0" notRunnable="0" notExecuted="0" disconnected="0" warning="0" passed="0" completed="0" inProgress="0" pending="0" />
    <RunInfos>
      <RunInfo computerName="KWLATITUDE-PC" outcome="Error" timestamp="2013-12-24T15:49:11.6107264-08:00">
        <Text>Test host process exited unexpectedly.</Text>
      </RunInfo>
    </RunInfos>
  </ResultSummary>
  <TestDefinitions>
    <UnitTest name="dataannotationswriter_test" storage="c:\vsprojects\condorxe\condorxe\plugins\gizmobeach.components.tests\bin\release\gizmobeach.components.tests.dll" id="49fd967b-d3a8-840b-fd7a-3286710c09bb">
      <Execution id="3b8a6785-9ea6-4ff2-9fc5-cfa6acd5534f" />
      <TestMethod codeBase="C:/VSProjects/CondorXE/CondorXE/Plugins/GizmoBeach.Components.Tests/bin/Release/GizmoBeach.Components.Tests.DLL" adapterTypeName="Microsoft.VisualStudio.TestTools.TestTypes.Unit.UnitTestAdapter, Microsoft.VisualStudio.QualityTools.Tips.UnitTest.Adapter, Version=10.0.0.0, Culture=neutral, PublicKeyToken=b03f5f7f11d50a3a" className="GizmoBeach.Components.Tests.BusinessObjectsTests, GizmoBeach.Components.Tests, Version=1.0.0.0, Culture=neutral, PublicKeyToken=null" name="dataannotationswriter_test" />
    </UnitTest>
  </TestDefinitions>
  <TestLists>
    <TestList name="Results Not in a List" id="8c84fa94-04c1-424b-9868-57a2d4851a1d" />
    <TestList name="All Loaded Results" id="19431567-8539-422a-85d7-44ee4e166bda" />
  </TestLists>
  <TestEntries>
    <TestEntry testId="49fd967b-d3a8-840b-fd7a-3286710c09bb" executionId="3b8a6785-9ea6-4ff2-9fc5-cfa6acd5534f" testListId="8c84fa94-04c1-424b-9868-57a2d4851a1d" />
  </TestEntries>
  <Results>
    <UnitTestResult executionId="3b8a6785-9ea6-4ff2-9fc5-cfa6acd5534f" testId="49fd967b-d3a8-840b-fd7a-3286710c09bb" testName="dataannotationswriter_test" computerName="KWLATITUDE-PC" duration="00:01:18.0075475" startTime="2013-12-24T15:47:53.6031789-08:00" endTime="2013-12-24T15:49:11.6107264-08:00" testType="13cdc9d9-ddb5-4fa4-a97d-d965ccfc6d4b" outcome="Aborted" testListId="8c84fa94-04c1-424b-9868-57a2d4851a1d" relativeResultsDirectory="3b8a6785-9ea6-4ff2-9fc5-cfa6acd5534f">
    </UnitTestResult>
  </Results>
</TestRun>