<?xml version="1.0" encoding="UTF-8"?>
<TestRun id="c0400548-7c46-49e8-9623-bc4a0a46637c" name="King Wilder@KWLATITUDE-PC 2012-03-25 17:33:52" runUser="KWLatitude-PC\King Wilder" xmlns="http://microsoft.com/schemas/VisualStudio/TeamTest/2010">
  <TestSettings name="Local" id="62b80d9b-8758-4aa4-86bc-006c49cbb856">
    <Description>These are default test settings for a local test run.</Description>
    <Deployment enabled="false" runDeploymentRoot="King Wilder_KWLATITUDE-PC 2012-03-25 17_33_52">
      <DeploymentItem filename="C:\Program Files (x86)\MyGeneration13\Dnp.Utils.dll" />
      <DeploymentItem filename="C:\Program Files (x86)\MyGeneration13\MyMeta.dll" />
      <DeploymentItem filename="C:\Program Files (x86)\MyGeneration13\PluginInterfaces.dll" />
    </Deployment>
    <Execution>
      <TestTypeSpecific />
      <AgentRule name="Execution Agents">
      </AgentRule>
    </Execution>
  </TestSettings>
  <Times creation="2012-03-25T17:33:52.8697324-07:00" queuing="2012-03-25T17:33:52.9357362-07:00" start="2012-03-25T17:33:52.9537372-07:00" finish="2012-03-25T17:33:53.2865537-07:00" />
  <ResultSummary outcome="Completed">
    <Counters total="13" executed="13" passed="13" error="0" failed="0" timeout="0" aborted="0" inconclusive="0" passedButRunAborted="0" notRunnable="0" notExecuted="0" disconnected="0" warning="0" completed="0" inProgress="0" pending="0" />
  </ResultSummary>
  <TestDefinitions>
    <UnitTest name="create_complete_mapper_for_category_table_with_datetime_column" storage="c:\vsprojects\condorxe\condorxe\plugins\gizmobeach.components.tests\bin\release\gizmobeach.components.tests.dll" id="77e44162-0282-a54d-0540-430c8999b312">
      <Execution id="94571fb6-4771-430a-baaf-6149a27be86c" />
      <TestMethod codeBase="C:/VSProjects/CondorXE/CondorXE/Plugins/GizmoBeach.Components.Tests/bin/Release/GizmoBeach.Components.Tests.DLL" adapterTypeName="Microsoft.VisualStudio.TestTools.TestTypes.Unit.UnitTestAdapter, Microsoft.VisualStudio.QualityTools.Tips.UnitTest.Adapter, Version=10.0.0.0, Culture=neutral, PublicKeyToken=b03f5f7f11d50a3a" className="GizmoBeach.Components.Tests.EntitySpacesMappingTests, GizmoBeach.Components.Tests, Version=1.0.0.0, Culture=neutral, PublicKeyToken=null" name="create_complete_mapper_for_category_table_with_datetime_column" />
    </UnitTest>
    <UnitTest name="create_mapper_property_for_not_nullable_datetime_column" storage="c:\vsprojects\condorxe\condorxe\plugins\gizmobeach.components.tests\bin\release\gizmobeach.components.tests.dll" id="bdf379f3-777a-75e6-0ad9-a8283544d980">
      <Execution id="b949ec71-5dce-4a63-a8de-d523885eda39" />
      <TestMethod codeBase="C:/VSProjects/CondorXE/CondorXE/Plugins/GizmoBeach.Components.Tests/bin/Release/GizmoBeach.Components.Tests.DLL" adapterTypeName="Microsoft.VisualStudio.TestTools.TestTypes.Unit.UnitTestAdapter, Microsoft.VisualStudio.QualityTools.Tips.UnitTest.Adapter, Version=10.0.0.0, Culture=neutral, PublicKeyToken=b03f5f7f11d50a3a" className="GizmoBeach.Components.Tests.EntitySpacesMappingTests, GizmoBeach.Components.Tests, Version=1.0.0.0, Culture=neutral, PublicKeyToken=null" name="create_mapper_property_for_not_nullable_datetime_column" />
    </UnitTest>
    <UnitTest name="create_complete_mapper_for_category_table" storage="c:\vsprojects\condorxe\condorxe\plugins\gizmobeach.components.tests\bin\release\gizmobeach.components.tests.dll" id="90a5de20-696e-10b2-f875-227ac9818437">
      <Execution id="3d3c82ad-59fc-4f8b-8ffb-d0ad5015054c" />
      <TestMethod codeBase="C:/VSProjects/CondorXE/CondorXE/Plugins/GizmoBeach.Components.Tests/bin/Release/GizmoBeach.Components.Tests.DLL" adapterTypeName="Microsoft.VisualStudio.TestTools.TestTypes.Unit.UnitTestAdapter, Microsoft.VisualStudio.QualityTools.Tips.UnitTest.Adapter, Version=10.0.0.0, Culture=neutral, PublicKeyToken=b03f5f7f11d50a3a" className="GizmoBeach.Components.Tests.EntitySpacesMappingTests, GizmoBeach.Components.Tests, Version=1.0.0.0, Culture=neutral, PublicKeyToken=null" name="create_complete_mapper_for_category_table" />
    </UnitTest>
    <UnitTest name="create_complete_mapper_for_category_table_with_nullable_datetime_column" storage="c:\vsprojects\condorxe\condorxe\plugins\gizmobeach.components.tests\bin\release\gizmobeach.components.tests.dll" id="2e1516b0-82c8-0bd4-4906-c9dd66320e23">
      <Execution id="be950ed2-577d-4b95-b3c7-443bf49aa5de" />
      <TestMethod codeBase="C:/VSProjects/CondorXE/CondorXE/Plugins/GizmoBeach.Components.Tests/bin/Release/GizmoBeach.Components.Tests.DLL" adapterTypeName="Microsoft.VisualStudio.TestTools.TestTypes.Unit.UnitTestAdapter, Microsoft.VisualStudio.QualityTools.Tips.UnitTest.Adapter, Version=10.0.0.0, Culture=neutral, PublicKeyToken=b03f5f7f11d50a3a" className="GizmoBeach.Components.Tests.EntitySpacesMappingTests, GizmoBeach.Components.Tests, Version=1.0.0.0, Culture=neutral, PublicKeyToken=null" name="create_complete_mapper_for_category_table_with_nullable_datetime_column" />
    </UnitTest>
    <UnitTest name="create_mapper_property_for_string_column" storage="c:\vsprojects\condorxe\condorxe\plugins\gizmobeach.components.tests\bin\release\gizmobeach.components.tests.dll" id="85dc71bc-1b9d-e5ad-cdca-7cb13b5d2a8e">
      <Execution id="85bc4c9a-ae7e-4100-95db-c25f17d4dda4" />
      <TestMethod codeBase="C:/VSProjects/CondorXE/CondorXE/Plugins/GizmoBeach.Components.Tests/bin/Release/GizmoBeach.Components.Tests.DLL" adapterTypeName="Microsoft.VisualStudio.TestTools.TestTypes.Unit.UnitTestAdapter, Microsoft.VisualStudio.QualityTools.Tips.UnitTest.Adapter, Version=10.0.0.0, Culture=neutral, PublicKeyToken=b03f5f7f11d50a3a" className="GizmoBeach.Components.Tests.EntitySpacesMappingTests, GizmoBeach.Components.Tests, Version=1.0.0.0, Culture=neutral, PublicKeyToken=null" name="create_mapper_property_for_string_column" />
    </UnitTest>
    <UnitTest name="loop_through_all_columns_in_CategoryTable" storage="c:\vsprojects\condorxe\condorxe\plugins\gizmobeach.components.tests\bin\release\gizmobeach.components.tests.dll" id="7d714add-4aaf-7b2e-007f-45c0db51830a">
      <Execution id="94203cfa-294e-4c68-b425-fdcc773df76d" />
      <TestMethod codeBase="C:/VSProjects/CondorXE/CondorXE/Plugins/GizmoBeach.Components.Tests/bin/Release/GizmoBeach.Components.Tests.DLL" adapterTypeName="Microsoft.VisualStudio.TestTools.TestTypes.Unit.UnitTestAdapter, Microsoft.VisualStudio.QualityTools.Tips.UnitTest.Adapter, Version=10.0.0.0, Culture=neutral, PublicKeyToken=b03f5f7f11d50a3a" className="GizmoBeach.Components.Tests.EntitySpacesMappingTests, GizmoBeach.Components.Tests, Version=1.0.0.0, Culture=neutral, PublicKeyToken=null" name="loop_through_all_columns_in_CategoryTable" />
    </UnitTest>
    <UnitTest name="create_mapper_property_for_nullable_int_column" storage="c:\vsprojects\condorxe\condorxe\plugins\gizmobeach.components.tests\bin\release\gizmobeach.components.tests.dll" id="8b114cdd-817f-43e0-2ede-61d1975638a8">
      <Execution id="fc5bbff8-560b-4604-b613-d4aacadda19f" />
      <TestMethod codeBase="C:/VSProjects/CondorXE/CondorXE/Plugins/GizmoBeach.Components.Tests/bin/Release/GizmoBeach.Components.Tests.DLL" adapterTypeName="Microsoft.VisualStudio.TestTools.TestTypes.Unit.UnitTestAdapter, Microsoft.VisualStudio.QualityTools.Tips.UnitTest.Adapter, Version=10.0.0.0, Culture=neutral, PublicKeyToken=b03f5f7f11d50a3a" className="GizmoBeach.Components.Tests.EntitySpacesMappingTests, GizmoBeach.Components.Tests, Version=1.0.0.0, Culture=neutral, PublicKeyToken=null" name="create_mapper_property_for_nullable_int_column" />
    </UnitTest>
    <UnitTest name="categoryname_column_in_table" storage="c:\vsprojects\condorxe\condorxe\plugins\gizmobeach.components.tests\bin\release\gizmobeach.components.tests.dll" id="09b60d4e-a45a-0c72-d097-c2ce2bba0d3e">
      <Execution id="fd0020e3-0be4-4887-9c8d-6ecc261c35e9" />
      <TestMethod codeBase="C:/VSProjects/CondorXE/CondorXE/Plugins/GizmoBeach.Components.Tests/bin/Release/GizmoBeach.Components.Tests.DLL" adapterTypeName="Microsoft.VisualStudio.TestTools.TestTypes.Unit.UnitTestAdapter, Microsoft.VisualStudio.QualityTools.Tips.UnitTest.Adapter, Version=10.0.0.0, Culture=neutral, PublicKeyToken=b03f5f7f11d50a3a" className="GizmoBeach.Components.Tests.EntitySpacesMappingTests, GizmoBeach.Components.Tests, Version=1.0.0.0, Culture=neutral, PublicKeyToken=null" name="categoryname_column_in_table" />
    </UnitTest>
    <UnitTest name="create_mapper_property_mapping_for_identity_column" storage="c:\vsprojects\condorxe\condorxe\plugins\gizmobeach.components.tests\bin\release\gizmobeach.components.tests.dll" id="4d97ea6a-378e-90ce-f4d4-a778471471e2">
      <Execution id="ae73f932-2bf5-4731-aa3b-0399ed490e13" />
      <TestMethod codeBase="C:/VSProjects/CondorXE/CondorXE/Plugins/GizmoBeach.Components.Tests/bin/Release/GizmoBeach.Components.Tests.DLL" adapterTypeName="Microsoft.VisualStudio.TestTools.TestTypes.Unit.UnitTestAdapter, Microsoft.VisualStudio.QualityTools.Tips.UnitTest.Adapter, Version=10.0.0.0, Culture=neutral, PublicKeyToken=b03f5f7f11d50a3a" className="GizmoBeach.Components.Tests.EntitySpacesMappingTests, GizmoBeach.Components.Tests, Version=1.0.0.0, Culture=neutral, PublicKeyToken=null" name="create_mapper_property_mapping_for_identity_column" />
    </UnitTest>
    <UnitTest name="create_mapper_property_for_rowversion_column" storage="c:\vsprojects\condorxe\condorxe\plugins\gizmobeach.components.tests\bin\release\gizmobeach.components.tests.dll" id="2663cddf-64dd-42fa-8dab-881d0db9caa6">
      <Execution id="e05103f7-8364-4394-9b3c-e120752c3f3f" />
      <TestMethod codeBase="C:/VSProjects/CondorXE/CondorXE/Plugins/GizmoBeach.Components.Tests/bin/Release/GizmoBeach.Components.Tests.DLL" adapterTypeName="Microsoft.VisualStudio.TestTools.TestTypes.Unit.UnitTestAdapter, Microsoft.VisualStudio.QualityTools.Tips.UnitTest.Adapter, Version=10.0.0.0, Culture=neutral, PublicKeyToken=b03f5f7f11d50a3a" className="GizmoBeach.Components.Tests.EntitySpacesMappingTests, GizmoBeach.Components.Tests, Version=1.0.0.0, Culture=neutral, PublicKeyToken=null" name="create_mapper_property_for_rowversion_column" />
    </UnitTest>
    <UnitTest name="create_mapper_property_for_datetime_column" storage="c:\vsprojects\condorxe\condorxe\plugins\gizmobeach.components.tests\bin\release\gizmobeach.components.tests.dll" id="72ce8c1b-ec55-136b-45ab-8525067c381f">
      <Execution id="319790a8-fc92-4707-83fb-30d190a99da3" />
      <TestMethod codeBase="C:/VSProjects/CondorXE/CondorXE/Plugins/GizmoBeach.Components.Tests/bin/Release/GizmoBeach.Components.Tests.DLL" adapterTypeName="Microsoft.VisualStudio.TestTools.TestTypes.Unit.UnitTestAdapter, Microsoft.VisualStudio.QualityTools.Tips.UnitTest.Adapter, Version=10.0.0.0, Culture=neutral, PublicKeyToken=b03f5f7f11d50a3a" className="GizmoBeach.Components.Tests.EntitySpacesMappingTests, GizmoBeach.Components.Tests, Version=1.0.0.0, Culture=neutral, PublicKeyToken=null" name="create_mapper_property_for_datetime_column" />
    </UnitTest>
    <UnitTest name="create_mapper_property_for_nullable_datetime_column" storage="c:\vsprojects\condorxe\condorxe\plugins\gizmobeach.components.tests\bin\release\gizmobeach.components.tests.dll" id="776e1da0-864e-28b1-1f45-bf094e219c90">
      <Execution id="4337820a-c242-47ae-8dab-433e373bd3a2" />
      <TestMethod codeBase="C:/VSProjects/CondorXE/CondorXE/Plugins/GizmoBeach.Components.Tests/bin/Release/GizmoBeach.Components.Tests.DLL" adapterTypeName="Microsoft.VisualStudio.TestTools.TestTypes.Unit.UnitTestAdapter, Microsoft.VisualStudio.QualityTools.Tips.UnitTest.Adapter, Version=10.0.0.0, Culture=neutral, PublicKeyToken=b03f5f7f11d50a3a" className="GizmoBeach.Components.Tests.EntitySpacesMappingTests, GizmoBeach.Components.Tests, Version=1.0.0.0, Culture=neutral, PublicKeyToken=null" name="create_mapper_property_for_nullable_datetime_column" />
    </UnitTest>
    <UnitTest name="create_mapper_property_for_int_column" storage="c:\vsprojects\condorxe\condorxe\plugins\gizmobeach.components.tests\bin\release\gizmobeach.components.tests.dll" id="79e8efcd-50fc-e234-11f4-85788fc4f182">
      <Execution id="d4169ef3-ac2b-4853-85ff-72443801eeaf" />
      <TestMethod codeBase="C:/VSProjects/CondorXE/CondorXE/Plugins/GizmoBeach.Components.Tests/bin/Release/GizmoBeach.Components.Tests.DLL" adapterTypeName="Microsoft.VisualStudio.TestTools.TestTypes.Unit.UnitTestAdapter, Microsoft.VisualStudio.QualityTools.Tips.UnitTest.Adapter, Version=10.0.0.0, Culture=neutral, PublicKeyToken=b03f5f7f11d50a3a" className="GizmoBeach.Components.Tests.EntitySpacesMappingTests, GizmoBeach.Components.Tests, Version=1.0.0.0, Culture=neutral, PublicKeyToken=null" name="create_mapper_property_for_int_column" />
    </UnitTest>
  </TestDefinitions>
  <TestLists>
    <TestList name="Results Not in a List" id="8c84fa94-04c1-424b-9868-57a2d4851a1d" />
    <TestList name="All Loaded Results" id="19431567-8539-422a-85d7-44ee4e166bda" />
  </TestLists>
  <TestEntries>
    <TestEntry testId="09b60d4e-a45a-0c72-d097-c2ce2bba0d3e" executionId="fd0020e3-0be4-4887-9c8d-6ecc261c35e9" testListId="8c84fa94-04c1-424b-9868-57a2d4851a1d" />
    <TestEntry testId="2663cddf-64dd-42fa-8dab-881d0db9caa6" executionId="e05103f7-8364-4394-9b3c-e120752c3f3f" testListId="8c84fa94-04c1-424b-9868-57a2d4851a1d" />
    <TestEntry testId="2e1516b0-82c8-0bd4-4906-c9dd66320e23" executionId="be950ed2-577d-4b95-b3c7-443bf49aa5de" testListId="8c84fa94-04c1-424b-9868-57a2d4851a1d" />
    <TestEntry testId="4d97ea6a-378e-90ce-f4d4-a778471471e2" executionId="ae73f932-2bf5-4731-aa3b-0399ed490e13" testListId="8c84fa94-04c1-424b-9868-57a2d4851a1d" />
    <TestEntry testId="72ce8c1b-ec55-136b-45ab-8525067c381f" executionId="319790a8-fc92-4707-83fb-30d190a99da3" testListId="8c84fa94-04c1-424b-9868-57a2d4851a1d" />
    <TestEntry testId="776e1da0-864e-28b1-1f45-bf094e219c90" executionId="4337820a-c242-47ae-8dab-433e373bd3a2" testListId="8c84fa94-04c1-424b-9868-57a2d4851a1d" />
    <TestEntry testId="77e44162-0282-a54d-0540-430c8999b312" executionId="94571fb6-4771-430a-baaf-6149a27be86c" testListId="8c84fa94-04c1-424b-9868-57a2d4851a1d" />
    <TestEntry testId="79e8efcd-50fc-e234-11f4-85788fc4f182" executionId="d4169ef3-ac2b-4853-85ff-72443801eeaf" testListId="8c84fa94-04c1-424b-9868-57a2d4851a1d" />
    <TestEntry testId="7d714add-4aaf-7b2e-007f-45c0db51830a" executionId="94203cfa-294e-4c68-b425-fdcc773df76d" testListId="8c84fa94-04c1-424b-9868-57a2d4851a1d" />
    <TestEntry testId="85dc71bc-1b9d-e5ad-cdca-7cb13b5d2a8e" executionId="85bc4c9a-ae7e-4100-95db-c25f17d4dda4" testListId="8c84fa94-04c1-424b-9868-57a2d4851a1d" />
    <TestEntry testId="8b114cdd-817f-43e0-2ede-61d1975638a8" executionId="fc5bbff8-560b-4604-b613-d4aacadda19f" testListId="8c84fa94-04c1-424b-9868-57a2d4851a1d" />
    <TestEntry testId="90a5de20-696e-10b2-f875-227ac9818437" executionId="3d3c82ad-59fc-4f8b-8ffb-d0ad5015054c" testListId="8c84fa94-04c1-424b-9868-57a2d4851a1d" />
    <TestEntry testId="bdf379f3-777a-75e6-0ad9-a8283544d980" executionId="b949ec71-5dce-4a63-a8de-d523885eda39" testListId="8c84fa94-04c1-424b-9868-57a2d4851a1d" />
  </TestEntries>
  <Results>
    <UnitTestResult executionId="fd0020e3-0be4-4887-9c8d-6ecc261c35e9" testId="09b60d4e-a45a-0c72-d097-c2ce2bba0d3e" testName="categoryname_column_in_table" computerName="KWLATITUDE-PC" duration="00:00:00.0124128" startTime="2012-03-25T17:33:52.9567374-07:00" endTime="2012-03-25T17:33:53.1877506-07:00" testType="13cdc9d9-ddb5-4fa4-a97d-d965ccfc6d4b" outcome="Passed" testListId="8c84fa94-04c1-424b-9868-57a2d4851a1d" relativeResultsDirectory="fd0020e3-0be4-4887-9c8d-6ecc261c35e9">
    </UnitTestResult>
    <UnitTestResult executionId="e05103f7-8364-4394-9b3c-e120752c3f3f" testId="2663cddf-64dd-42fa-8dab-881d0db9caa6" testName="create_mapper_property_for_rowversion_column" computerName="KWLATITUDE-PC" duration="00:00:00.0014124" startTime="2012-03-25T17:33:53.1907508-07:00" endTime="2012-03-25T17:33:53.1937510-07:00" testType="13cdc9d9-ddb5-4fa4-a97d-d965ccfc6d4b" outcome="Passed" testListId="8c84fa94-04c1-424b-9868-57a2d4851a1d" relativeResultsDirectory="e05103f7-8364-4394-9b3c-e120752c3f3f">
    </UnitTestResult>
    <UnitTestResult executionId="be950ed2-577d-4b95-b3c7-443bf49aa5de" testId="2e1516b0-82c8-0bd4-4906-c9dd66320e23" testName="create_complete_mapper_for_category_table_with_nullable_datetime_column" computerName="KWLATITUDE-PC" duration="00:00:00.0013637" startTime="2012-03-25T17:33:53.1977512-07:00" endTime="2012-03-25T17:33:53.2017514-07:00" testType="13cdc9d9-ddb5-4fa4-a97d-d965ccfc6d4b" outcome="Passed" testListId="8c84fa94-04c1-424b-9868-57a2d4851a1d" relativeResultsDirectory="be950ed2-577d-4b95-b3c7-443bf49aa5de">
    </UnitTestResult>
    <UnitTestResult executionId="ae73f932-2bf5-4731-aa3b-0399ed490e13" testId="4d97ea6a-378e-90ce-f4d4-a778471471e2" testName="create_mapper_property_mapping_for_identity_column" computerName="KWLATITUDE-PC" duration="00:00:00.0006901" startTime="2012-03-25T17:33:53.2067517-07:00" endTime="2012-03-25T17:33:53.2107519-07:00" testType="13cdc9d9-ddb5-4fa4-a97d-d965ccfc6d4b" outcome="Passed" testListId="8c84fa94-04c1-424b-9868-57a2d4851a1d" relativeResultsDirectory="ae73f932-2bf5-4731-aa3b-0399ed490e13">
    </UnitTestResult>
    <UnitTestResult executionId="319790a8-fc92-4707-83fb-30d190a99da3" testId="72ce8c1b-ec55-136b-45ab-8525067c381f" testName="create_mapper_property_for_datetime_column" computerName="KWLATITUDE-PC" duration="00:00:00.0006303" startTime="2012-03-25T17:33:53.2157522-07:00" endTime="2012-03-25T17:33:53.2197524-07:00" testType="13cdc9d9-ddb5-4fa4-a97d-d965ccfc6d4b" outcome="Passed" testListId="8c84fa94-04c1-424b-9868-57a2d4851a1d" relativeResultsDirectory="319790a8-fc92-4707-83fb-30d190a99da3">
    </UnitTestResult>
    <UnitTestResult executionId="4337820a-c242-47ae-8dab-433e373bd3a2" testId="776e1da0-864e-28b1-1f45-bf094e219c90" testName="create_mapper_property_for_nullable_datetime_column" computerName="KWLATITUDE-PC" duration="00:00:00.0006675" startTime="2012-03-25T17:33:53.2227526-07:00" endTime="2012-03-25T17:33:53.2257528-07:00" testType="13cdc9d9-ddb5-4fa4-a97d-d965ccfc6d4b" outcome="Passed" testListId="8c84fa94-04c1-424b-9868-57a2d4851a1d" relativeResultsDirectory="4337820a-c242-47ae-8dab-433e373bd3a2">
    </UnitTestResult>
    <UnitTestResult executionId="94571fb6-4771-430a-baaf-6149a27be86c" testId="77e44162-0282-a54d-0540-430c8999b312" testName="create_complete_mapper_for_category_table_with_datetime_column" computerName="KWLATITUDE-PC" duration="00:00:00.0018127" startTime="2012-03-25T17:33:53.2297530-07:00" endTime="2012-03-25T17:33:53.2347533-07:00" testType="13cdc9d9-ddb5-4fa4-a97d-d965ccfc6d4b" outcome="Passed" testListId="8c84fa94-04c1-424b-9868-57a2d4851a1d" relativeResultsDirectory="94571fb6-4771-430a-baaf-6149a27be86c">
    </UnitTestResult>
    <UnitTestResult executionId="d4169ef3-ac2b-4853-85ff-72443801eeaf" testId="79e8efcd-50fc-e234-11f4-85788fc4f182" testName="create_mapper_property_for_int_column" computerName="KWLATITUDE-PC" duration="00:00:00.0010776" startTime="2012-03-25T17:33:53.2367534-07:00" endTime="2012-03-25T17:33:53.2397536-07:00" testType="13cdc9d9-ddb5-4fa4-a97d-d965ccfc6d4b" outcome="Passed" testListId="8c84fa94-04c1-424b-9868-57a2d4851a1d" relativeResultsDirectory="d4169ef3-ac2b-4853-85ff-72443801eeaf">
    </UnitTestResult>
    <UnitTestResult executionId="94203cfa-294e-4c68-b425-fdcc773df76d" testId="7d714add-4aaf-7b2e-007f-45c0db51830a" testName="loop_through_all_columns_in_CategoryTable" computerName="KWLATITUDE-PC" duration="00:00:00.0007051" startTime="2012-03-25T17:33:53.2397536-07:00" endTime="2012-03-25T17:33:53.2397536-07:00" testType="13cdc9d9-ddb5-4fa4-a97d-d965ccfc6d4b" outcome="Passed" testListId="8c84fa94-04c1-424b-9868-57a2d4851a1d" relativeResultsDirectory="94203cfa-294e-4c68-b425-fdcc773df76d">
      <Output>
        <StdOut>Id - Type: int - IsPrimaryKey: True - IsNullable: False
CategoryName - Type: string - IsPrimaryKey: False - IsNullable: False
Rowversion - Type: byte[] - IsPrimaryKey: False - IsNullable: True</StdOut>
      </Output>
    </UnitTestResult>
    <UnitTestResult executionId="85bc4c9a-ae7e-4100-95db-c25f17d4dda4" testId="85dc71bc-1b9d-e5ad-cdca-7cb13b5d2a8e" testName="create_mapper_property_for_string_column" computerName="KWLATITUDE-PC" duration="00:00:00.0005020" startTime="2012-03-25T17:33:53.2397536-07:00" endTime="2012-03-25T17:33:53.2397536-07:00" testType="13cdc9d9-ddb5-4fa4-a97d-d965ccfc6d4b" outcome="Passed" testListId="8c84fa94-04c1-424b-9868-57a2d4851a1d" relativeResultsDirectory="85bc4c9a-ae7e-4100-95db-c25f17d4dda4">
    </UnitTestResult>
    <UnitTestResult executionId="fc5bbff8-560b-4604-b613-d4aacadda19f" testId="8b114cdd-817f-43e0-2ede-61d1975638a8" testName="create_mapper_property_for_nullable_int_column" computerName="KWLATITUDE-PC" duration="00:00:00.0008206" startTime="2012-03-25T17:33:53.2553536-07:00" endTime="2012-03-25T17:33:53.2553536-07:00" testType="13cdc9d9-ddb5-4fa4-a97d-d965ccfc6d4b" outcome="Passed" testListId="8c84fa94-04c1-424b-9868-57a2d4851a1d" relativeResultsDirectory="fc5bbff8-560b-4604-b613-d4aacadda19f">
    </UnitTestResult>
    <UnitTestResult executionId="3d3c82ad-59fc-4f8b-8ffb-d0ad5015054c" testId="90a5de20-696e-10b2-f875-227ac9818437" testName="create_complete_mapper_for_category_table" computerName="KWLATITUDE-PC" duration="00:00:00.0010960" startTime="2012-03-25T17:33:53.2553536-07:00" endTime="2012-03-25T17:33:53.2553536-07:00" testType="13cdc9d9-ddb5-4fa4-a97d-d965ccfc6d4b" outcome="Passed" testListId="8c84fa94-04c1-424b-9868-57a2d4851a1d" relativeResultsDirectory="3d3c82ad-59fc-4f8b-8ffb-d0ad5015054c">
    </UnitTestResult>
    <UnitTestResult executionId="b949ec71-5dce-4a63-a8de-d523885eda39" testId="bdf379f3-777a-75e6-0ad9-a8283544d980" testName="create_mapper_property_for_not_nullable_datetime_column" computerName="KWLATITUDE-PC" duration="00:00:00.0009446" startTime="2012-03-25T17:33:53.2709536-07:00" endTime="2012-03-25T17:33:53.2709536-07:00" testType="13cdc9d9-ddb5-4fa4-a97d-d965ccfc6d4b" outcome="Passed" testListId="8c84fa94-04c1-424b-9868-57a2d4851a1d" relativeResultsDirectory="b949ec71-5dce-4a63-a8de-d523885eda39">
    </UnitTestResult>
  </Results>
</TestRun>