<?xml version="1.0" encoding="UTF-8"?>
<TestRun id="13a295c3-29d5-4063-a3e0-983aa717f1e9" name="King Wilder@KWLATITUDE-PC 2013-02-25 21:53:51" runUser="KWLatitude-PC\King Wilder" xmlns="http://microsoft.com/schemas/VisualStudio/TeamTest/2010">
  <TestSettings name="Local" id="62b80d9b-8758-4aa4-86bc-006c49cbb856">
    <Description>These are default test settings for a local test run.</Description>
    <Deployment enabled="false" runDeploymentRoot="King Wilder_KWLATITUDE-PC 2013-02-25 21_53_51" />
    <Execution>
      <TestTypeSpecific />
      <AgentRule name="Execution Agents">
      </AgentRule>
    </Execution>
  </TestSettings>
  <Times creation="2013-02-25T21:53:51.9763620-08:00" queuing="2013-02-25T21:53:52.8343635-08:00" start="2013-02-25T21:53:53.4739646-08:00" finish="2013-02-25T21:54:06.3872917-08:00" />
  <ResultSummary outcome="Failed">
    <Counters total="1" executed="1" error="0" failed="1" timeout="0" aborted="0" inconclusive="0" passedButRunAborted="0" notRunnable="0" notExecuted="0" disconnected="0" warning="0" passed="0" completed="0" inProgress="0" pending="0" />
  </ResultSummary>
  <TestDefinitions>
    <UnitTest name="dataannotationswriter_test" storage="c:\users\king wilder\appdata\local\temp\hemkaa3w.zkn\gizmobeach.components.tests.dll" id="49fd967b-d3a8-840b-fd7a-3286710c09bb">
      <Execution timeOut="1800000" id="105d2ba0-efd3-44d9-a27e-d7016a51d8d4" />
      <TestMethod codeBase="C:/Users/King Wilder/AppData/Local/Temp/hemkaa3w.zkn/GizmoBeach.Components.Tests.DLL" adapterTypeName="Microsoft.VisualStudio.TestTools.TestTypes.Unit.UnitTestAdapter, Microsoft.VisualStudio.QualityTools.Tips.UnitTest.Adapter, Version=10.0.0.0, Culture=neutral, PublicKeyToken=b03f5f7f11d50a3a" className="GizmoBeach.Components.Tests.BusinessObjectsTests, GizmoBeach.Components.Tests, Version=1.0.0.0, Culture=neutral, PublicKeyToken=null" name="dataannotationswriter_test" />
    </UnitTest>
  </TestDefinitions>
  <TestLists>
    <TestList name="Results Not in a List" id="8c84fa94-04c1-424b-9868-57a2d4851a1d" />
    <TestList name="All Loaded Results" id="19431567-8539-422a-85d7-44ee4e166bda" />
  </TestLists>
  <TestEntries>
    <TestEntry testId="49fd967b-d3a8-840b-fd7a-3286710c09bb" executionId="105d2ba0-efd3-44d9-a27e-d7016a51d8d4" testListId="8c84fa94-04c1-424b-9868-57a2d4851a1d" />
  </TestEntries>
  <Results>
    <UnitTestResult executionId="105d2ba0-efd3-44d9-a27e-d7016a51d8d4" testId="49fd967b-d3a8-840b-fd7a-3286710c09bb" testName="dataannotationswriter_test" computerName="KWLATITUDE-PC" duration="00:00:00.1630319" startTime="2013-02-25T21:54:04.4335852-08:00" endTime="2013-02-25T21:54:04.6541926-08:00" testType="13cdc9d9-ddb5-4fa4-a97d-d965ccfc6d4b" outcome="Failed" testListId="8c84fa94-04c1-424b-9868-57a2d4851a1d" relativeResultsDirectory="105d2ba0-efd3-44d9-a27e-d7016a51d8d4">
      <Output>
        <ErrorInfo>
          <Message>Test method GizmoBeach.Components.Tests.BusinessObjectsTests.dataannotationswriter_test threw exception: 
System.NullReferenceException: Object reference not set to an instance of an object.</Message>
          <StackTrace>    at Condor.Core.RenderBase..ctor(IZeusOutput output) in C:\VSProjects\CondorXE\CondorXE\Src\Condor.Core\RenderBase.cs:line 20
   at GizmoBeach.Components.CodeWriters.DataAnnotationsWriter..ctor(RequestContext context, ITable table) in C:\VSProjects\CondorXE\CondorXE\Plugins\GizmoBeach.Components\CodeWriters\DataAnnotationsWriter.cs:line 21
   at GizmoBeach.Components.Tests.BusinessObjectsTests.dataannotationswriter_test() in C:\VSProjects\CondorXE\CondorXE\Plugins\GizmoBeach.Components.Tests\BusinessObjectsTests.cs:line 32
</StackTrace>
        </ErrorInfo>
      </Output>
    </UnitTestResult>
  </Results>
</TestRun>