<?xml version="1.0" encoding="UTF-8"?>
<TestRun id="00e0fe8a-57f0-445f-b258-4e2afee3d654" name="King Wilder@KWLATITUDE-PC 2012-03-25 16:15:55" runUser="KWLatitude-PC\King Wilder" xmlns="http://microsoft.com/schemas/VisualStudio/TeamTest/2010">
  <TestSettings name="Local" id="62b80d9b-8758-4aa4-86bc-006c49cbb856">
    <Description>These are default test settings for a local test run.</Description>
    <Deployment enabled="false" runDeploymentRoot="King Wilder_KWLATITUDE-PC 2012-03-25 16_15_55">
      <DeploymentItem filename="C:\Program Files (x86)\MyGeneration13\Dnp.Utils.dll" />
      <DeploymentItem filename="C:\Program Files (x86)\MyGeneration13\MyMeta.dll" />
      <DeploymentItem filename="C:\Program Files (x86)\MyGeneration13\PluginInterfaces.dll" />
    </Deployment>
    <Execution>
      <TestTypeSpecific />
      <AgentRule name="Execution Agents">
      </AgentRule>
    </Execution>
  </TestSettings>
  <Times creation="2012-03-25T16:15:55.4548018-07:00" queuing="2012-03-25T16:15:55.6108021-07:00" start="2012-03-25T16:15:55.6108021-07:00" finish="2012-03-25T16:15:55.9072026-07:00" />
  <ResultSummary outcome="Completed">
    <Counters total="13" executed="13" passed="13" error="0" failed="0" timeout="0" aborted="0" inconclusive="0" passedButRunAborted="0" notRunnable="0" notExecuted="0" disconnected="0" warning="0" completed="0" inProgress="0" pending="0" />
  </ResultSummary>
  <TestDefinitions>
    <UnitTest name="create_complete_mapper_for_category_table_with_datetime_column" storage="c:\vsprojects\condorxe\condorxe\plugins\gizmobeach.components.tests\bin\release\gizmobeach.components.tests.dll" id="77e44162-0282-a54d-0540-430c8999b312">
      <Execution id="9a61fa7f-5dd5-4eba-9ea5-51b22fd57da6" />
      <TestMethod codeBase="C:/VSProjects/CondorXE/CondorXE/Plugins/GizmoBeach.Components.Tests/bin/Release/GizmoBeach.Components.Tests.DLL" adapterTypeName="Microsoft.VisualStudio.TestTools.TestTypes.Unit.UnitTestAdapter, Microsoft.VisualStudio.QualityTools.Tips.UnitTest.Adapter, Version=10.0.0.0, Culture=neutral, PublicKeyToken=b03f5f7f11d50a3a" className="GizmoBeach.Components.Tests.EntitySpacesMappingTests, GizmoBeach.Components.Tests, Version=1.0.0.0, Culture=neutral, PublicKeyToken=null" name="create_complete_mapper_for_category_table_with_datetime_column" />
    </UnitTest>
    <UnitTest name="create_mapper_property_for_not_nullable_datetime_column" storage="c:\vsprojects\condorxe\condorxe\plugins\gizmobeach.components.tests\bin\release\gizmobeach.components.tests.dll" id="bdf379f3-777a-75e6-0ad9-a8283544d980">
      <Execution id="2691417e-bc72-4efd-bb9e-973709d99642" />
      <TestMethod codeBase="C:/VSProjects/CondorXE/CondorXE/Plugins/GizmoBeach.Components.Tests/bin/Release/GizmoBeach.Components.Tests.DLL" adapterTypeName="Microsoft.VisualStudio.TestTools.TestTypes.Unit.UnitTestAdapter, Microsoft.VisualStudio.QualityTools.Tips.UnitTest.Adapter, Version=10.0.0.0, Culture=neutral, PublicKeyToken=b03f5f7f11d50a3a" className="GizmoBeach.Components.Tests.EntitySpacesMappingTests, GizmoBeach.Components.Tests, Version=1.0.0.0, Culture=neutral, PublicKeyToken=null" name="create_mapper_property_for_not_nullable_datetime_column" />
    </UnitTest>
    <UnitTest name="create_complete_mapper_for_category_table" storage="c:\vsprojects\condorxe\condorxe\plugins\gizmobeach.components.tests\bin\release\gizmobeach.components.tests.dll" id="90a5de20-696e-10b2-f875-227ac9818437">
      <Execution id="25c44faf-0324-4d7c-aacc-17bb3074cb8b" />
      <TestMethod codeBase="C:/VSProjects/CondorXE/CondorXE/Plugins/GizmoBeach.Components.Tests/bin/Release/GizmoBeach.Components.Tests.DLL" adapterTypeName="Microsoft.VisualStudio.TestTools.TestTypes.Unit.UnitTestAdapter, Microsoft.VisualStudio.QualityTools.Tips.UnitTest.Adapter, Version=10.0.0.0, Culture=neutral, PublicKeyToken=b03f5f7f11d50a3a" className="GizmoBeach.Components.Tests.EntitySpacesMappingTests, GizmoBeach.Components.Tests, Version=1.0.0.0, Culture=neutral, PublicKeyToken=null" name="create_complete_mapper_for_category_table" />
    </UnitTest>
    <UnitTest name="create_complete_mapper_for_category_table_with_nullable_datetime_column" storage="c:\vsprojects\condorxe\condorxe\plugins\gizmobeach.components.tests\bin\release\gizmobeach.components.tests.dll" id="2e1516b0-82c8-0bd4-4906-c9dd66320e23">
      <Execution id="996fe36f-38fa-4b75-b62d-1cac0f76cbcc" />
      <TestMethod codeBase="C:/VSProjects/CondorXE/CondorXE/Plugins/GizmoBeach.Components.Tests/bin/Release/GizmoBeach.Components.Tests.DLL" adapterTypeName="Microsoft.VisualStudio.TestTools.TestTypes.Unit.UnitTestAdapter, Microsoft.VisualStudio.QualityTools.Tips.UnitTest.Adapter, Version=10.0.0.0, Culture=neutral, PublicKeyToken=b03f5f7f11d50a3a" className="GizmoBeach.Components.Tests.EntitySpacesMappingTests, GizmoBeach.Components.Tests, Version=1.0.0.0, Culture=neutral, PublicKeyToken=null" name="create_complete_mapper_for_category_table_with_nullable_datetime_column" />
    </UnitTest>
    <UnitTest name="create_mapper_property_for_string_column" storage="c:\vsprojects\condorxe\condorxe\plugins\gizmobeach.components.tests\bin\release\gizmobeach.components.tests.dll" id="85dc71bc-1b9d-e5ad-cdca-7cb13b5d2a8e">
      <Execution id="c673bfcd-144d-4b05-837a-4ffb854dd9dc" />
      <TestMethod codeBase="C:/VSProjects/CondorXE/CondorXE/Plugins/GizmoBeach.Components.Tests/bin/Release/GizmoBeach.Components.Tests.DLL" adapterTypeName="Microsoft.VisualStudio.TestTools.TestTypes.Unit.UnitTestAdapter, Microsoft.VisualStudio.QualityTools.Tips.UnitTest.Adapter, Version=10.0.0.0, Culture=neutral, PublicKeyToken=b03f5f7f11d50a3a" className="GizmoBeach.Components.Tests.EntitySpacesMappingTests, GizmoBeach.Components.Tests, Version=1.0.0.0, Culture=neutral, PublicKeyToken=null" name="create_mapper_property_for_string_column" />
    </UnitTest>
    <UnitTest name="loop_through_all_columns_in_CategoryTable" storage="c:\vsprojects\condorxe\condorxe\plugins\gizmobeach.components.tests\bin\release\gizmobeach.components.tests.dll" id="7d714add-4aaf-7b2e-007f-45c0db51830a">
      <Execution id="f34b1305-dcaa-401f-b52a-438d09a0091d" />
      <TestMethod codeBase="C:/VSProjects/CondorXE/CondorXE/Plugins/GizmoBeach.Components.Tests/bin/Release/GizmoBeach.Components.Tests.DLL" adapterTypeName="Microsoft.VisualStudio.TestTools.TestTypes.Unit.UnitTestAdapter, Microsoft.VisualStudio.QualityTools.Tips.UnitTest.Adapter, Version=10.0.0.0, Culture=neutral, PublicKeyToken=b03f5f7f11d50a3a" className="GizmoBeach.Components.Tests.EntitySpacesMappingTests, GizmoBeach.Components.Tests, Version=1.0.0.0, Culture=neutral, PublicKeyToken=null" name="loop_through_all_columns_in_CategoryTable" />
    </UnitTest>
    <UnitTest name="create_mapper_property_for_nullable_int_column" storage="c:\vsprojects\condorxe\condorxe\plugins\gizmobeach.components.tests\bin\release\gizmobeach.components.tests.dll" id="8b114cdd-817f-43e0-2ede-61d1975638a8">
      <Execution id="b919c4df-4704-4ce9-8f88-f10eb003dc59" />
      <TestMethod codeBase="C:/VSProjects/CondorXE/CondorXE/Plugins/GizmoBeach.Components.Tests/bin/Release/GizmoBeach.Components.Tests.DLL" adapterTypeName="Microsoft.VisualStudio.TestTools.TestTypes.Unit.UnitTestAdapter, Microsoft.VisualStudio.QualityTools.Tips.UnitTest.Adapter, Version=10.0.0.0, Culture=neutral, PublicKeyToken=b03f5f7f11d50a3a" className="GizmoBeach.Components.Tests.EntitySpacesMappingTests, GizmoBeach.Components.Tests, Version=1.0.0.0, Culture=neutral, PublicKeyToken=null" name="create_mapper_property_for_nullable_int_column" />
    </UnitTest>
    <UnitTest name="categoryname_column_in_table" storage="c:\vsprojects\condorxe\condorxe\plugins\gizmobeach.components.tests\bin\release\gizmobeach.components.tests.dll" id="09b60d4e-a45a-0c72-d097-c2ce2bba0d3e">
      <Execution id="5d33581e-f386-4d78-9a18-b52a1252cec7" />
      <TestMethod codeBase="C:/VSProjects/CondorXE/CondorXE/Plugins/GizmoBeach.Components.Tests/bin/Release/GizmoBeach.Components.Tests.DLL" adapterTypeName="Microsoft.VisualStudio.TestTools.TestTypes.Unit.UnitTestAdapter, Microsoft.VisualStudio.QualityTools.Tips.UnitTest.Adapter, Version=10.0.0.0, Culture=neutral, PublicKeyToken=b03f5f7f11d50a3a" className="GizmoBeach.Components.Tests.EntitySpacesMappingTests, GizmoBeach.Components.Tests, Version=1.0.0.0, Culture=neutral, PublicKeyToken=null" name="categoryname_column_in_table" />
    </UnitTest>
    <UnitTest name="create_mapper_property_mapping_for_identity_column" storage="c:\vsprojects\condorxe\condorxe\plugins\gizmobeach.components.tests\bin\release\gizmobeach.components.tests.dll" id="4d97ea6a-378e-90ce-f4d4-a778471471e2">
      <Execution id="3c019b3f-d637-4345-82c6-93844236dd31" />
      <TestMethod codeBase="C:/VSProjects/CondorXE/CondorXE/Plugins/GizmoBeach.Components.Tests/bin/Release/GizmoBeach.Components.Tests.DLL" adapterTypeName="Microsoft.VisualStudio.TestTools.TestTypes.Unit.UnitTestAdapter, Microsoft.VisualStudio.QualityTools.Tips.UnitTest.Adapter, Version=10.0.0.0, Culture=neutral, PublicKeyToken=b03f5f7f11d50a3a" className="GizmoBeach.Components.Tests.EntitySpacesMappingTests, GizmoBeach.Components.Tests, Version=1.0.0.0, Culture=neutral, PublicKeyToken=null" name="create_mapper_property_mapping_for_identity_column" />
    </UnitTest>
    <UnitTest name="create_mapper_property_for_rowversion_column" storage="c:\vsprojects\condorxe\condorxe\plugins\gizmobeach.components.tests\bin\release\gizmobeach.components.tests.dll" id="2663cddf-64dd-42fa-8dab-881d0db9caa6">
      <Execution id="12e98e39-6360-4191-a94c-ebcec3bb222c" />
      <TestMethod codeBase="C:/VSProjects/CondorXE/CondorXE/Plugins/GizmoBeach.Components.Tests/bin/Release/GizmoBeach.Components.Tests.DLL" adapterTypeName="Microsoft.VisualStudio.TestTools.TestTypes.Unit.UnitTestAdapter, Microsoft.VisualStudio.QualityTools.Tips.UnitTest.Adapter, Version=10.0.0.0, Culture=neutral, PublicKeyToken=b03f5f7f11d50a3a" className="GizmoBeach.Components.Tests.EntitySpacesMappingTests, GizmoBeach.Components.Tests, Version=1.0.0.0, Culture=neutral, PublicKeyToken=null" name="create_mapper_property_for_rowversion_column" />
    </UnitTest>
    <UnitTest name="create_mapper_property_for_datetime_column" storage="c:\vsprojects\condorxe\condorxe\plugins\gizmobeach.components.tests\bin\release\gizmobeach.components.tests.dll" id="72ce8c1b-ec55-136b-45ab-8525067c381f">
      <Execution id="82aae3d4-24f3-431e-909a-bbc224b034e7" />
      <TestMethod codeBase="C:/VSProjects/CondorXE/CondorXE/Plugins/GizmoBeach.Components.Tests/bin/Release/GizmoBeach.Components.Tests.DLL" adapterTypeName="Microsoft.VisualStudio.TestTools.TestTypes.Unit.UnitTestAdapter, Microsoft.VisualStudio.QualityTools.Tips.UnitTest.Adapter, Version=10.0.0.0, Culture=neutral, PublicKeyToken=b03f5f7f11d50a3a" className="GizmoBeach.Components.Tests.EntitySpacesMappingTests, GizmoBeach.Components.Tests, Version=1.0.0.0, Culture=neutral, PublicKeyToken=null" name="create_mapper_property_for_datetime_column" />
    </UnitTest>
    <UnitTest name="create_mapper_property_for_nullable_datetime_column" storage="c:\vsprojects\condorxe\condorxe\plugins\gizmobeach.components.tests\bin\release\gizmobeach.components.tests.dll" id="776e1da0-864e-28b1-1f45-bf094e219c90">
      <Execution id="623162b7-ced7-4488-a6cf-ac48ce066cf5" />
      <TestMethod codeBase="C:/VSProjects/CondorXE/CondorXE/Plugins/GizmoBeach.Components.Tests/bin/Release/GizmoBeach.Components.Tests.DLL" adapterTypeName="Microsoft.VisualStudio.TestTools.TestTypes.Unit.UnitTestAdapter, Microsoft.VisualStudio.QualityTools.Tips.UnitTest.Adapter, Version=10.0.0.0, Culture=neutral, PublicKeyToken=b03f5f7f11d50a3a" className="GizmoBeach.Components.Tests.EntitySpacesMappingTests, GizmoBeach.Components.Tests, Version=1.0.0.0, Culture=neutral, PublicKeyToken=null" name="create_mapper_property_for_nullable_datetime_column" />
    </UnitTest>
    <UnitTest name="create_mapper_property_for_int_column" storage="c:\vsprojects\condorxe\condorxe\plugins\gizmobeach.components.tests\bin\release\gizmobeach.components.tests.dll" id="79e8efcd-50fc-e234-11f4-85788fc4f182">
      <Execution id="4e501d2b-0b87-47a0-80b9-a96bc7393372" />
      <TestMethod codeBase="C:/VSProjects/CondorXE/CondorXE/Plugins/GizmoBeach.Components.Tests/bin/Release/GizmoBeach.Components.Tests.DLL" adapterTypeName="Microsoft.VisualStudio.TestTools.TestTypes.Unit.UnitTestAdapter, Microsoft.VisualStudio.QualityTools.Tips.UnitTest.Adapter, Version=10.0.0.0, Culture=neutral, PublicKeyToken=b03f5f7f11d50a3a" className="GizmoBeach.Components.Tests.EntitySpacesMappingTests, GizmoBeach.Components.Tests, Version=1.0.0.0, Culture=neutral, PublicKeyToken=null" name="create_mapper_property_for_int_column" />
    </UnitTest>
  </TestDefinitions>
  <TestLists>
    <TestList name="Results Not in a List" id="8c84fa94-04c1-424b-9868-57a2d4851a1d" />
    <TestList name="All Loaded Results" id="19431567-8539-422a-85d7-44ee4e166bda" />
  </TestLists>
  <TestEntries>
    <TestEntry testId="09b60d4e-a45a-0c72-d097-c2ce2bba0d3e" executionId="5d33581e-f386-4d78-9a18-b52a1252cec7" testListId="8c84fa94-04c1-424b-9868-57a2d4851a1d" />
    <TestEntry testId="2663cddf-64dd-42fa-8dab-881d0db9caa6" executionId="12e98e39-6360-4191-a94c-ebcec3bb222c" testListId="8c84fa94-04c1-424b-9868-57a2d4851a1d" />
    <TestEntry testId="2e1516b0-82c8-0bd4-4906-c9dd66320e23" executionId="996fe36f-38fa-4b75-b62d-1cac0f76cbcc" testListId="8c84fa94-04c1-424b-9868-57a2d4851a1d" />
    <TestEntry testId="4d97ea6a-378e-90ce-f4d4-a778471471e2" executionId="3c019b3f-d637-4345-82c6-93844236dd31" testListId="8c84fa94-04c1-424b-9868-57a2d4851a1d" />
    <TestEntry testId="72ce8c1b-ec55-136b-45ab-8525067c381f" executionId="82aae3d4-24f3-431e-909a-bbc224b034e7" testListId="8c84fa94-04c1-424b-9868-57a2d4851a1d" />
    <TestEntry testId="776e1da0-864e-28b1-1f45-bf094e219c90" executionId="623162b7-ced7-4488-a6cf-ac48ce066cf5" testListId="8c84fa94-04c1-424b-9868-57a2d4851a1d" />
    <TestEntry testId="77e44162-0282-a54d-0540-430c8999b312" executionId="9a61fa7f-5dd5-4eba-9ea5-51b22fd57da6" testListId="8c84fa94-04c1-424b-9868-57a2d4851a1d" />
    <TestEntry testId="79e8efcd-50fc-e234-11f4-85788fc4f182" executionId="4e501d2b-0b87-47a0-80b9-a96bc7393372" testListId="8c84fa94-04c1-424b-9868-57a2d4851a1d" />
    <TestEntry testId="7d714add-4aaf-7b2e-007f-45c0db51830a" executionId="f34b1305-dcaa-401f-b52a-438d09a0091d" testListId="8c84fa94-04c1-424b-9868-57a2d4851a1d" />
    <TestEntry testId="85dc71bc-1b9d-e5ad-cdca-7cb13b5d2a8e" executionId="c673bfcd-144d-4b05-837a-4ffb854dd9dc" testListId="8c84fa94-04c1-424b-9868-57a2d4851a1d" />
    <TestEntry testId="8b114cdd-817f-43e0-2ede-61d1975638a8" executionId="b919c4df-4704-4ce9-8f88-f10eb003dc59" testListId="8c84fa94-04c1-424b-9868-57a2d4851a1d" />
    <TestEntry testId="90a5de20-696e-10b2-f875-227ac9818437" executionId="25c44faf-0324-4d7c-aacc-17bb3074cb8b" testListId="8c84fa94-04c1-424b-9868-57a2d4851a1d" />
    <TestEntry testId="bdf379f3-777a-75e6-0ad9-a8283544d980" executionId="2691417e-bc72-4efd-bb9e-973709d99642" testListId="8c84fa94-04c1-424b-9868-57a2d4851a1d" />
  </TestEntries>
  <Results>
    <UnitTestResult executionId="5d33581e-f386-4d78-9a18-b52a1252cec7" testId="09b60d4e-a45a-0c72-d097-c2ce2bba0d3e" testName="categoryname_column_in_table" computerName="KWLATITUDE-PC" duration="00:00:00.0117611" startTime="2012-03-25T16:15:55.6264021-07:00" endTime="2012-03-25T16:15:55.7980024-07:00" testType="13cdc9d9-ddb5-4fa4-a97d-d965ccfc6d4b" outcome="Passed" testListId="8c84fa94-04c1-424b-9868-57a2d4851a1d" relativeResultsDirectory="5d33581e-f386-4d78-9a18-b52a1252cec7">
    </UnitTestResult>
    <UnitTestResult executionId="12e98e39-6360-4191-a94c-ebcec3bb222c" testId="2663cddf-64dd-42fa-8dab-881d0db9caa6" testName="create_mapper_property_for_rowversion_column" computerName="KWLATITUDE-PC" duration="00:00:00.0013718" startTime="2012-03-25T16:15:55.8136024-07:00" endTime="2012-03-25T16:15:55.8136024-07:00" testType="13cdc9d9-ddb5-4fa4-a97d-d965ccfc6d4b" outcome="Passed" testListId="8c84fa94-04c1-424b-9868-57a2d4851a1d" relativeResultsDirectory="12e98e39-6360-4191-a94c-ebcec3bb222c">
    </UnitTestResult>
    <UnitTestResult executionId="996fe36f-38fa-4b75-b62d-1cac0f76cbcc" testId="2e1516b0-82c8-0bd4-4906-c9dd66320e23" testName="create_complete_mapper_for_category_table_with_nullable_datetime_column" computerName="KWLATITUDE-PC" duration="00:00:00.0013397" startTime="2012-03-25T16:15:55.8136024-07:00" endTime="2012-03-25T16:15:55.8136024-07:00" testType="13cdc9d9-ddb5-4fa4-a97d-d965ccfc6d4b" outcome="Passed" testListId="8c84fa94-04c1-424b-9868-57a2d4851a1d" relativeResultsDirectory="996fe36f-38fa-4b75-b62d-1cac0f76cbcc">
    </UnitTestResult>
    <UnitTestResult executionId="3c019b3f-d637-4345-82c6-93844236dd31" testId="4d97ea6a-378e-90ce-f4d4-a778471471e2" testName="create_mapper_property_mapping_for_identity_column" computerName="KWLATITUDE-PC" duration="00:00:00.0007120" startTime="2012-03-25T16:15:55.8292024-07:00" endTime="2012-03-25T16:15:55.8292024-07:00" testType="13cdc9d9-ddb5-4fa4-a97d-d965ccfc6d4b" outcome="Passed" testListId="8c84fa94-04c1-424b-9868-57a2d4851a1d" relativeResultsDirectory="3c019b3f-d637-4345-82c6-93844236dd31">
    </UnitTestResult>
    <UnitTestResult executionId="82aae3d4-24f3-431e-909a-bbc224b034e7" testId="72ce8c1b-ec55-136b-45ab-8525067c381f" testName="create_mapper_property_for_datetime_column" computerName="KWLATITUDE-PC" duration="00:00:00.0009292" startTime="2012-03-25T16:15:55.8292024-07:00" endTime="2012-03-25T16:15:55.8292024-07:00" testType="13cdc9d9-ddb5-4fa4-a97d-d965ccfc6d4b" outcome="Passed" testListId="8c84fa94-04c1-424b-9868-57a2d4851a1d" relativeResultsDirectory="82aae3d4-24f3-431e-909a-bbc224b034e7">
    </UnitTestResult>
    <UnitTestResult executionId="623162b7-ced7-4488-a6cf-ac48ce066cf5" testId="776e1da0-864e-28b1-1f45-bf094e219c90" testName="create_mapper_property_for_nullable_datetime_column" computerName="KWLATITUDE-PC" duration="00:00:00.0006521" startTime="2012-03-25T16:15:55.8292024-07:00" endTime="2012-03-25T16:15:55.8448025-07:00" testType="13cdc9d9-ddb5-4fa4-a97d-d965ccfc6d4b" outcome="Passed" testListId="8c84fa94-04c1-424b-9868-57a2d4851a1d" relativeResultsDirectory="623162b7-ced7-4488-a6cf-ac48ce066cf5">
    </UnitTestResult>
    <UnitTestResult executionId="9a61fa7f-5dd5-4eba-9ea5-51b22fd57da6" testId="77e44162-0282-a54d-0540-430c8999b312" testName="create_complete_mapper_for_category_table_with_datetime_column" computerName="KWLATITUDE-PC" duration="00:00:00.0011238" startTime="2012-03-25T16:15:55.8448025-07:00" endTime="2012-03-25T16:15:55.8448025-07:00" testType="13cdc9d9-ddb5-4fa4-a97d-d965ccfc6d4b" outcome="Passed" testListId="8c84fa94-04c1-424b-9868-57a2d4851a1d" relativeResultsDirectory="9a61fa7f-5dd5-4eba-9ea5-51b22fd57da6">
    </UnitTestResult>
    <UnitTestResult executionId="4e501d2b-0b87-47a0-80b9-a96bc7393372" testId="79e8efcd-50fc-e234-11f4-85788fc4f182" testName="create_mapper_property_for_int_column" computerName="KWLATITUDE-PC" duration="00:00:00.0010472" startTime="2012-03-25T16:15:55.8448025-07:00" endTime="2012-03-25T16:15:55.8604025-07:00" testType="13cdc9d9-ddb5-4fa4-a97d-d965ccfc6d4b" outcome="Passed" testListId="8c84fa94-04c1-424b-9868-57a2d4851a1d" relativeResultsDirectory="4e501d2b-0b87-47a0-80b9-a96bc7393372">
    </UnitTestResult>
    <UnitTestResult executionId="f34b1305-dcaa-401f-b52a-438d09a0091d" testId="7d714add-4aaf-7b2e-007f-45c0db51830a" testName="loop_through_all_columns_in_CategoryTable" computerName="KWLATITUDE-PC" duration="00:00:00.0006559" startTime="2012-03-25T16:15:55.8604025-07:00" endTime="2012-03-25T16:15:55.8604025-07:00" testType="13cdc9d9-ddb5-4fa4-a97d-d965ccfc6d4b" outcome="Passed" testListId="8c84fa94-04c1-424b-9868-57a2d4851a1d" relativeResultsDirectory="f34b1305-dcaa-401f-b52a-438d09a0091d">
      <Output>
        <StdOut>Id - Type: int - IsPrimaryKey: True - IsNullable: False
CategoryName - Type: string - IsPrimaryKey: False - IsNullable: False
Rowversion - Type: byte[] - IsPrimaryKey: False - IsNullable: True</StdOut>
      </Output>
    </UnitTestResult>
    <UnitTestResult executionId="c673bfcd-144d-4b05-837a-4ffb854dd9dc" testId="85dc71bc-1b9d-e5ad-cdca-7cb13b5d2a8e" testName="create_mapper_property_for_string_column" computerName="KWLATITUDE-PC" duration="00:00:00.0004763" startTime="2012-03-25T16:15:55.8604025-07:00" endTime="2012-03-25T16:15:55.8604025-07:00" testType="13cdc9d9-ddb5-4fa4-a97d-d965ccfc6d4b" outcome="Passed" testListId="8c84fa94-04c1-424b-9868-57a2d4851a1d" relativeResultsDirectory="c673bfcd-144d-4b05-837a-4ffb854dd9dc">
    </UnitTestResult>
    <UnitTestResult executionId="b919c4df-4704-4ce9-8f88-f10eb003dc59" testId="8b114cdd-817f-43e0-2ede-61d1975638a8" testName="create_mapper_property_for_nullable_int_column" computerName="KWLATITUDE-PC" duration="00:00:00.0007586" startTime="2012-03-25T16:15:55.8760025-07:00" endTime="2012-03-25T16:15:55.8760025-07:00" testType="13cdc9d9-ddb5-4fa4-a97d-d965ccfc6d4b" outcome="Passed" testListId="8c84fa94-04c1-424b-9868-57a2d4851a1d" relativeResultsDirectory="b919c4df-4704-4ce9-8f88-f10eb003dc59">
    </UnitTestResult>
    <UnitTestResult executionId="25c44faf-0324-4d7c-aacc-17bb3074cb8b" testId="90a5de20-696e-10b2-f875-227ac9818437" testName="create_complete_mapper_for_category_table" computerName="KWLATITUDE-PC" duration="00:00:00.0016596" startTime="2012-03-25T16:15:55.8760025-07:00" endTime="2012-03-25T16:15:55.8760025-07:00" testType="13cdc9d9-ddb5-4fa4-a97d-d965ccfc6d4b" outcome="Passed" testListId="8c84fa94-04c1-424b-9868-57a2d4851a1d" relativeResultsDirectory="25c44faf-0324-4d7c-aacc-17bb3074cb8b">
    </UnitTestResult>
    <UnitTestResult executionId="2691417e-bc72-4efd-bb9e-973709d99642" testId="bdf379f3-777a-75e6-0ad9-a8283544d980" testName="create_mapper_property_for_not_nullable_datetime_column" computerName="KWLATITUDE-PC" duration="00:00:00.0006559" startTime="2012-03-25T16:15:55.8760025-07:00" endTime="2012-03-25T16:15:55.8916025-07:00" testType="13cdc9d9-ddb5-4fa4-a97d-d965ccfc6d4b" outcome="Passed" testListId="8c84fa94-04c1-424b-9868-57a2d4851a1d" relativeResultsDirectory="2691417e-bc72-4efd-bb9e-973709d99642">
    </UnitTestResult>
  </Results>
</TestRun>