<?xml version="1.0" encoding="UTF-8"?>
<TestRun id="7e01e422-8a13-4279-b1a1-dd98cfa5ca3a" name="King Wilder@KWLATITUDE-PC 2012-03-25 15:51:51" runUser="KWLatitude-PC\King Wilder" xmlns="http://microsoft.com/schemas/VisualStudio/TeamTest/2010">
  <TestSettings name="Local" id="62b80d9b-8758-4aa4-86bc-006c49cbb856">
    <Description>These are default test settings for a local test run.</Description>
    <Deployment enabled="false" runDeploymentRoot="King Wilder_KWLATITUDE-PC 2012-03-25 15_51_51">
      <DeploymentItem filename="C:\Program Files (x86)\MyGeneration13\Dnp.Utils.dll" />
      <DeploymentItem filename="C:\Program Files (x86)\MyGeneration13\MyMeta.dll" />
      <DeploymentItem filename="C:\Program Files (x86)\MyGeneration13\PluginInterfaces.dll" />
    </Deployment>
    <Execution>
      <TestTypeSpecific />
      <AgentRule name="Execution Agents">
      </AgentRule>
    </Execution>
  </TestSettings>
  <Times creation="2012-03-25T15:51:51.8616670-07:00" queuing="2012-03-25T15:51:51.9106698-07:00" start="2012-03-25T15:51:51.9166701-07:00" finish="2012-03-25T15:51:52.1226819-07:00" />
  <ResultSummary outcome="Failed">
    <Counters total="1" executed="1" error="0" failed="1" timeout="0" aborted="0" inconclusive="0" passedButRunAborted="0" notRunnable="0" notExecuted="0" disconnected="0" warning="0" passed="0" completed="0" inProgress="0" pending="0" />
  </ResultSummary>
  <TestDefinitions>
    <UnitTest name="create_complete_mapper_for_category_table_with_nullable_datetime_column" storage="c:\vsprojects\condorxe\condorxe\plugins\gizmobeach.components.tests\bin\release\gizmobeach.components.tests.dll" id="2e1516b0-82c8-0bd4-4906-c9dd66320e23">
      <Execution id="c29d163a-1127-436a-8a79-7c351d64acdd" />
      <TestMethod codeBase="C:/VSProjects/CondorXE/CondorXE/Plugins/GizmoBeach.Components.Tests/bin/Release/GizmoBeach.Components.Tests.DLL" adapterTypeName="Microsoft.VisualStudio.TestTools.TestTypes.Unit.UnitTestAdapter, Microsoft.VisualStudio.QualityTools.Tips.UnitTest.Adapter, Version=10.0.0.0, Culture=neutral, PublicKeyToken=b03f5f7f11d50a3a" className="GizmoBeach.Components.Tests.EntitySpacesMappingTests, GizmoBeach.Components.Tests, Version=1.0.0.0, Culture=neutral, PublicKeyToken=null" name="create_complete_mapper_for_category_table_with_nullable_datetime_column" />
    </UnitTest>
  </TestDefinitions>
  <TestLists>
    <TestList name="Results Not in a List" id="8c84fa94-04c1-424b-9868-57a2d4851a1d" />
    <TestList name="All Loaded Results" id="19431567-8539-422a-85d7-44ee4e166bda" />
  </TestLists>
  <TestEntries>
    <TestEntry testId="2e1516b0-82c8-0bd4-4906-c9dd66320e23" executionId="c29d163a-1127-436a-8a79-7c351d64acdd" testListId="8c84fa94-04c1-424b-9868-57a2d4851a1d" />
  </TestEntries>
  <Results>
    <UnitTestResult executionId="c29d163a-1127-436a-8a79-7c351d64acdd" testId="2e1516b0-82c8-0bd4-4906-c9dd66320e23" testName="create_complete_mapper_for_category_table_with_nullable_datetime_column" computerName="KWLATITUDE-PC" duration="00:00:00.0248889" startTime="2012-03-25T15:51:51.9226705-07:00" endTime="2012-03-25T15:51:52.1086811-07:00" testType="13cdc9d9-ddb5-4fa4-a97d-d965ccfc6d4b" outcome="Failed" testListId="8c84fa94-04c1-424b-9868-57a2d4851a1d" relativeResultsDirectory="c29d163a-1127-436a-8a79-7c351d64acdd">
      <Output>
        <ErrorInfo>
          <Message>Assert.AreEqual failed. Expected:&lt;model.Id = (int)entity.Id;
model.CategoryName = entity.CategoryName;
model.rowversion = entity.Rowversion.AsBase64String();
model.DateCreated = entity.DateCreated;
&gt;. Actual:&lt;model.Id = (int)entity.Id;
model.CategoryName = entity.CategoryName;
model.rowversion = entity.Rowversion.AsBase64String();
model.DateCreated = entity.DateCreated.HasValue ? (DateTime)entity.DateCreated : default(DateTime);
&gt;. </Message>
          <StackTrace>   at GizmoBeach.Components.Tests.EntitySpacesMappingTests.create_complete_mapper_for_category_table_with_nullable_datetime_column() in C:\VSProjects\CondorXE\CondorXE\Plugins\GizmoBeach.Components.Tests\EntitySpacesMappingTests.cs:line 315
</StackTrace>
        </ErrorInfo>
      </Output>
    </UnitTestResult>
  </Results>
</TestRun>