<?xml version="1.0" encoding="UTF-8"?>
<TestRun id="65e18123-a9a3-47a2-9c19-919378570b40" name="King Wilder@KWLATITUDE-PC 2012-04-15 11:16:09" runUser="KWLatitude-PC\King Wilder" xmlns="http://microsoft.com/schemas/VisualStudio/TeamTest/2010">
  <TestSettings name="Local" id="62b80d9b-8758-4aa4-86bc-006c49cbb856">
    <Description>These are default test settings for a local test run.</Description>
    <Deployment enabled="false" runDeploymentRoot="King Wilder_KWLATITUDE-PC 2012-04-15 11_16_09">
      <DeploymentItem filename="C:\Program Files (x86)\MyGeneration13\MyMeta.dll" />
      <DeploymentItem filename="C:\Program Files (x86)\MyGeneration13\PluginInterfaces.dll" />
      <DeploymentItem filename="C:\Program Files (x86)\MyGeneration13\Dnp.Utils.dll" />
      <DeploymentItem filename="C:\VSProjects\CondorXE\CondorXE\Plugins\GizmoBeach.Components\bin\Debug\Condor.Core.dll" />
      <DeploymentItem filename="C:\VSProjects\CondorXE\CondorXE\Plugins\GizmoBeach.Components\bin\Debug\GizmoBeach.Components.dll" />
      <DeploymentItem filename="C:\VSProjects\CondorXE\CondorXE\Src\Condor.Fakes\bin\Debug\Condor.Fakes.dll" />
    </Deployment>
    <Execution>
      <TestTypeSpecific />
      <AgentRule name="Execution Agents">
      </AgentRule>
    </Execution>
  </TestSettings>
  <Times creation="2012-04-15T11:16:09.0327601-07:00" queuing="2012-04-15T11:16:09.0795602-07:00" start="2012-04-15T11:16:09.0795602-07:00" finish="2012-04-15T11:16:09.3291606-07:00" />
  <ResultSummary outcome="Failed">
    <Counters total="1" executed="1" error="0" failed="1" timeout="0" aborted="0" inconclusive="0" passedButRunAborted="0" notRunnable="0" notExecuted="0" disconnected="0" warning="0" passed="0" completed="0" inProgress="0" pending="0" />
  </ResultSummary>
  <TestDefinitions>
    <UnitTest name="standard_orm_class_with_entityspaces_usings" storage="c:\vsprojects\condorxe\condorxe\plugins\gizmobeach.components.tests\bin\debug\gizmobeach.components.tests.dll" id="2996c028-9c24-2af0-6fde-121db2ab84f4">
      <Execution id="4b0f7432-642d-4896-885b-419f22fdb059" />
      <TestMethod codeBase="C:/VSProjects/CondorXE/CondorXE/Plugins/GizmoBeach.Components.Tests/bin/Debug/GizmoBeach.Components.Tests.DLL" adapterTypeName="Microsoft.VisualStudio.TestTools.TestTypes.Unit.UnitTestAdapter, Microsoft.VisualStudio.QualityTools.Tips.UnitTest.Adapter, Version=10.0.0.0, Culture=neutral, PublicKeyToken=b03f5f7f11d50a3a" className="GizmoBeach.Components.Tests.ORMFrameworkCompositionTests, GizmoBeach.Components.Tests, Version=1.0.0.0, Culture=neutral, PublicKeyToken=null" name="standard_orm_class_with_entityspaces_usings" />
    </UnitTest>
  </TestDefinitions>
  <TestLists>
    <TestList name="Results Not in a List" id="8c84fa94-04c1-424b-9868-57a2d4851a1d" />
    <TestList name="All Loaded Results" id="19431567-8539-422a-85d7-44ee4e166bda" />
  </TestLists>
  <TestEntries>
    <TestEntry testId="2996c028-9c24-2af0-6fde-121db2ab84f4" executionId="4b0f7432-642d-4896-885b-419f22fdb059" testListId="8c84fa94-04c1-424b-9868-57a2d4851a1d" />
  </TestEntries>
  <Results>
    <UnitTestResult executionId="4b0f7432-642d-4896-885b-419f22fdb059" testId="2996c028-9c24-2af0-6fde-121db2ab84f4" testName="standard_orm_class_with_entityspaces_usings" computerName="KWLATITUDE-PC" duration="00:00:00.0276080" startTime="2012-04-15T11:16:09.0951602-07:00" endTime="2012-04-15T11:16:09.3135606-07:00" testType="13cdc9d9-ddb5-4fa4-a97d-d965ccfc6d4b" outcome="Failed" testListId="8c84fa94-04c1-424b-9868-57a2d4851a1d" relativeResultsDirectory="4b0f7432-642d-4896-885b-419f22fdb059">
      <Output>
        <ErrorInfo>
          <Message>Assert.AreEqual failed. Expected:&lt;using System;
using System.Collections.Generic;
using System.Data;
using System.Linq;

using BlogApp.DataObjects.EntitySpaces
using BlogApp.DataObjects.Interfaces;
using BlogApp.DataObjects.EntitySpaces.EntityMapper;
namespace BlogApp.DataObjects.EntityFramework.SQLServer
{
	public class BlogBaseDao : ICRUDDao&lt;BlogApp.BusinessObjects.Blog&gt;
	{
	
	}
}
namespace BlogApp.DataObjects.EntityFramework.SQLServer
{
	public class SQLServerBlogDao : BlogBaseDao, IBlogDao
	{
	
	}
}
&gt;. Actual:&lt;using System;
using System.Collections.Generic;
using System.Data;
using System.Linq;

using BlogApp.DataObjects.EntitySpaces
using BlogApp.DataObjects.Interfaces;
using BlogApp.DataObjects.EntitySpaces.EntityMapper;
namespace BlogApp.DataObjects.EntityFramework.SQLServer
{
	public class BlogBaseDao : ICRUDDao&lt;BlogApp.BusinessObjects.Blog&gt;
	{
	
	}
}
namespace BlogApp.DataObjects.EntityFramework.SQLServer
{
	public class SQLServerBlogDao : BlogBaseDao, IBlogDao
	{
	
	}
}
namespace BlogApp.DataObjects.Interfaces
{
	public interface IBlogDao : ICRUDDao&lt;BlogApp.BusinessObjects.Blog&gt;
	{
	
	}
}
&gt;. </Message>
          <StackTrace>   at GizmoBeach.Components.Tests.ORMFrameworkCompositionTests.standard_orm_class_with_entityspaces_usings() in C:\VSProjects\CondorXE\CondorXE\Plugins\GizmoBeach.Components.Tests\ORMFrameworkCompositionTests.cs:line 151
</StackTrace>
        </ErrorInfo>
      </Output>
    </UnitTestResult>
  </Results>
</TestRun>