<?xml version="1.0" encoding="UTF-8"?>
<TestRun id="f365c5b5-0916-43b9-815c-59e76d93f2c9" name="King Wilder@KWLATITUDE-PC 2012-04-11 07:51:14" runUser="KWLatitude-PC\King Wilder" xmlns="http://microsoft.com/schemas/VisualStudio/TeamTest/2010">
  <TestSettings name="Local" id="3ea8f12d-a9d1-47d6-9d1e-ef4df6829a79">
    <Description>These are default test settings for a local test run.</Description>
    <Deployment enabled="false" runDeploymentRoot="King Wilder_KWLATITUDE-PC 2012-04-11 07_51_14">
      <DeploymentItem filename="C:\VSProjects\CondorXE\CondorXE\Src\Condor.Core\bin\Release\Condor.Core.dll" />
      <DeploymentItem filename="C:\VSProjects\CondorXE\CondorXE\Src\Condor.Fakes\bin\Release\Condor.Fakes.dll" />
      <DeploymentItem filename="C:\Program Files (x86)\MyGeneration13\PluginInterfaces.dll" />
      <DeploymentItem filename="C:\Program Files (x86)\MyGeneration13\MyMeta.dll" />
    </Deployment>
    <Execution>
      <TestTypeSpecific />
      <AgentRule name="Execution Agents">
      </AgentRule>
    </Execution>
  </TestSettings>
  <Times creation="2012-04-11T07:51:14.8778987-07:00" queuing="2012-04-11T07:51:14.9169010-07:00" start="2012-04-11T07:51:14.9299017-07:00" finish="2012-04-11T07:51:15.1319133-07:00" />
  <ResultSummary outcome="Completed">
    <Counters total="1" executed="1" passed="1" error="0" failed="0" timeout="0" aborted="0" inconclusive="0" passedButRunAborted="0" notRunnable="0" notExecuted="0" disconnected="0" warning="0" completed="0" inProgress="0" pending="0" />
  </ResultSummary>
  <TestDefinitions>
    <UnitTest name="test_autotabln" storage="c:\vsprojects\condorxe\condorxe\src\codewritertests\bin\release\codewritertests.dll" id="7e184e6c-9eea-0c8e-af56-6469c7ea005a">
      <Execution id="628877ed-328a-40ef-9829-9bf8ee88d2c6" />
      <TestMethod codeBase="C:/VSProjects/CondorXE/CondorXE/Src/CodeWriterTests/bin/Release/CodeWriterTests.DLL" adapterTypeName="Microsoft.VisualStudio.TestTools.TestTypes.Unit.UnitTestAdapter, Microsoft.VisualStudio.QualityTools.Tips.UnitTest.Adapter, Version=10.0.0.0, Culture=neutral, PublicKeyToken=b03f5f7f11d50a3a" className="CodeWriterTests.ImplementationTests, CodeWriterTests, Version=1.0.0.0, Culture=neutral, PublicKeyToken=null" name="test_autotabln" />
    </UnitTest>
  </TestDefinitions>
  <TestLists>
    <TestList name="Results Not in a List" id="8c84fa94-04c1-424b-9868-57a2d4851a1d" />
    <TestList name="All Loaded Results" id="19431567-8539-422a-85d7-44ee4e166bda" />
  </TestLists>
  <TestEntries>
    <TestEntry testId="7e184e6c-9eea-0c8e-af56-6469c7ea005a" executionId="628877ed-328a-40ef-9829-9bf8ee88d2c6" testListId="8c84fa94-04c1-424b-9868-57a2d4851a1d" />
  </TestEntries>
  <Results>
    <UnitTestResult executionId="628877ed-328a-40ef-9829-9bf8ee88d2c6" testId="7e184e6c-9eea-0c8e-af56-6469c7ea005a" testName="test_autotabln" computerName="KWLATITUDE-PC" duration="00:00:00.0141806" startTime="2012-04-11T07:51:14.9329019-07:00" endTime="2012-04-11T07:51:15.1169124-07:00" testType="13cdc9d9-ddb5-4fa4-a97d-d965ccfc6d4b" outcome="Passed" testListId="8c84fa94-04c1-424b-9868-57a2d4851a1d" relativeResultsDirectory="628877ed-328a-40ef-9829-9bf8ee88d2c6">
    </UnitTestResult>
  </Results>
</TestRun>