<?xml version="1.0" encoding="UTF-8"?>
<TestRun id="7a285b0a-85a9-4624-bb57-6530ef80287e" name="King Wilder@KWLATITUDE-PC 2012-08-16 10:32:03" runUser="KWLatitude-PC\King Wilder" xmlns="http://microsoft.com/schemas/VisualStudio/TeamTest/2010">
  <TestSettings name="Local" id="3ea8f12d-a9d1-47d6-9d1e-ef4df6829a79">
    <Description>These are default test settings for a local test run.</Description>
    <Deployment enabled="false" runDeploymentRoot="King Wilder_KWLATITUDE-PC 2012-08-16 10_32_03" />
    <Execution>
      <TestTypeSpecific />
      <AgentRule name="Execution Agents">
      </AgentRule>
    </Execution>
  </TestSettings>
  <Times creation="2012-08-16T10:32:03.6017790-07:00" queuing="2012-08-16T10:32:05.4269822-07:00" start="2012-08-16T10:32:05.4737823-07:00" finish="2012-08-16T10:32:05.9105830-07:00" />
  <ResultSummary outcome="Completed">
    <Counters total="1" executed="1" passed="1" error="0" failed="0" timeout="0" aborted="0" inconclusive="0" passedButRunAborted="0" notRunnable="0" notExecuted="0" disconnected="0" warning="0" completed="0" inProgress="0" pending="0" />
  </ResultSummary>
  <TestDefinitions>
    <UnitTest name="test_string_split" storage="c:\vsprojects\condorxe\condorxe\src\condor.unittests\bin\release\condor.unittests.dll" id="a56a69e6-e00f-d21d-a09f-ebdb66fee4e9">
      <Execution id="3f3d6070-197d-421c-83a1-c9958afdd791" />
      <TestMethod codeBase="C:/VSProjects/CondorXE/CondorXE/Src/Condor.UnitTests/bin/Release/Condor.UnitTests.DLL" adapterTypeName="Microsoft.VisualStudio.TestTools.TestTypes.Unit.UnitTestAdapter, Microsoft.VisualStudio.QualityTools.Tips.UnitTest.Adapter, Version=10.0.0.0, Culture=neutral, PublicKeyToken=b03f5f7f11d50a3a" className="Condor.UnitTests.UnitTest1, Condor.UnitTests, Version=1.0.0.0, Culture=neutral, PublicKeyToken=null" name="test_string_split" />
    </UnitTest>
  </TestDefinitions>
  <TestLists>
    <TestList name="Results Not in a List" id="8c84fa94-04c1-424b-9868-57a2d4851a1d" />
    <TestList name="All Loaded Results" id="19431567-8539-422a-85d7-44ee4e166bda" />
  </TestLists>
  <TestEntries>
    <TestEntry testId="a56a69e6-e00f-d21d-a09f-ebdb66fee4e9" executionId="3f3d6070-197d-421c-83a1-c9958afdd791" testListId="8c84fa94-04c1-424b-9868-57a2d4851a1d" />
  </TestEntries>
  <Results>
    <UnitTestResult executionId="3f3d6070-197d-421c-83a1-c9958afdd791" testId="a56a69e6-e00f-d21d-a09f-ebdb66fee4e9" testName="test_string_split" computerName="KWLATITUDE-PC" duration="00:00:00.0104793" startTime="2012-08-16T10:32:05.5205823-07:00" endTime="2012-08-16T10:32:05.8481829-07:00" testType="13cdc9d9-ddb5-4fa4-a97d-d965ccfc6d4b" outcome="Passed" testListId="8c84fa94-04c1-424b-9868-57a2d4851a1d" relativeResultsDirectory="3f3d6070-197d-421c-83a1-c9958afdd791">
    </UnitTestResult>
  </Results>
</TestRun>