<?xml version="1.0" encoding="UTF-8"?>
<TestRun id="6bc00600-ceef-47e0-b335-c3cf7ba15c09" name="King Wilder@KWLATITUDE-PC 2012-04-11 07:59:20" runUser="KWLatitude-PC\King Wilder" xmlns="http://microsoft.com/schemas/VisualStudio/TeamTest/2010">
  <TestSettings name="Local" id="3ea8f12d-a9d1-47d6-9d1e-ef4df6829a79">
    <Description>These are default test settings for a local test run.</Description>
    <Deployment enabled="false" runDeploymentRoot="King Wilder_KWLATITUDE-PC 2012-04-11 07_59_20">
      <DeploymentItem filename="C:\VSProjects\CondorXE\CondorXE\Src\Condor.Core\bin\Debug\Condor.Core.dll" />
      <DeploymentItem filename="C:\Program Files (x86)\MyGeneration13\MyMeta.dll" />
      <DeploymentItem filename="C:\VSProjects\CondorXE\CondorXE\Src\Condor.Fakes\bin\Debug\Condor.Fakes.dll" />
      <DeploymentItem filename="C:\Program Files (x86)\MyGeneration13\PluginInterfaces.dll" />
    </Deployment>
    <Execution>
      <TestTypeSpecific />
      <AgentRule name="Execution Agents">
      </AgentRule>
    </Execution>
  </TestSettings>
  <Times creation="2012-04-11T07:59:20.5896799-07:00" queuing="2012-04-11T07:59:20.6296821-07:00" start="2012-04-11T07:59:20.6376826-07:00" finish="2012-04-11T07:59:20.8756962-07:00" />
  <ResultSummary outcome="Completed">
    <Counters total="2" executed="2" passed="2" error="0" failed="0" timeout="0" aborted="0" inconclusive="0" passedButRunAborted="0" notRunnable="0" notExecuted="0" disconnected="0" warning="0" completed="0" inProgress="0" pending="0" />
  </ResultSummary>
  <TestDefinitions>
    <UnitTest name="test_autotabln" storage="c:\vsprojects\condorxe\condorxe\src\codewritertests\bin\debug\codewritertests.dll" id="7e184e6c-9eea-0c8e-af56-6469c7ea005a">
      <Execution id="9eea159a-664a-46e9-af24-0cce5d8ff2d5" />
      <TestMethod codeBase="C:/VSProjects/CondorXE/CondorXE/Src/CodeWriterTests/bin/Debug/CodeWriterTests.DLL" adapterTypeName="Microsoft.VisualStudio.TestTools.TestTypes.Unit.UnitTestAdapter, Microsoft.VisualStudio.QualityTools.Tips.UnitTest.Adapter, Version=10.0.0.0, Culture=neutral, PublicKeyToken=b03f5f7f11d50a3a" className="CodeWriterTests.ImplementationTests, CodeWriterTests, Version=1.0.0.0, Culture=neutral, PublicKeyToken=null" name="test_autotabln" />
    </UnitTest>
    <UnitTest name="TestMethod1" storage="c:\vsprojects\condorxe\condorxe\src\codewritertests\bin\debug\codewritertests.dll" id="ee234183-9c56-f672-d2e0-490341d0619c">
      <Execution id="9c0ef463-ad51-470a-9937-6e62712a4d80" />
      <TestMethod codeBase="C:/VSProjects/CondorXE/CondorXE/Src/CodeWriterTests/bin/Debug/CodeWriterTests.DLL" adapterTypeName="Microsoft.VisualStudio.TestTools.TestTypes.Unit.UnitTestAdapter, Microsoft.VisualStudio.QualityTools.Tips.UnitTest.Adapter, Version=10.0.0.0, Culture=neutral, PublicKeyToken=b03f5f7f11d50a3a" className="CodeWriterTests.ImplementationTests, CodeWriterTests, Version=1.0.0.0, Culture=neutral, PublicKeyToken=null" name="TestMethod1" />
    </UnitTest>
  </TestDefinitions>
  <TestLists>
    <TestList name="Results Not in a List" id="8c84fa94-04c1-424b-9868-57a2d4851a1d" />
    <TestList name="All Loaded Results" id="19431567-8539-422a-85d7-44ee4e166bda" />
  </TestLists>
  <TestEntries>
    <TestEntry testId="7e184e6c-9eea-0c8e-af56-6469c7ea005a" executionId="9eea159a-664a-46e9-af24-0cce5d8ff2d5" testListId="8c84fa94-04c1-424b-9868-57a2d4851a1d" />
    <TestEntry testId="ee234183-9c56-f672-d2e0-490341d0619c" executionId="9c0ef463-ad51-470a-9937-6e62712a4d80" testListId="8c84fa94-04c1-424b-9868-57a2d4851a1d" />
  </TestEntries>
  <Results>
    <UnitTestResult executionId="9eea159a-664a-46e9-af24-0cce5d8ff2d5" testId="7e184e6c-9eea-0c8e-af56-6469c7ea005a" testName="test_autotabln" computerName="KWLATITUDE-PC" duration="00:00:00.0293765" startTime="2012-04-11T07:59:20.6406828-07:00" endTime="2012-04-11T07:59:20.8546950-07:00" testType="13cdc9d9-ddb5-4fa4-a97d-d965ccfc6d4b" outcome="Passed" testListId="8c84fa94-04c1-424b-9868-57a2d4851a1d" relativeResultsDirectory="9eea159a-664a-46e9-af24-0cce5d8ff2d5">
    </UnitTestResult>
    <UnitTestResult executionId="9c0ef463-ad51-470a-9937-6e62712a4d80" testId="ee234183-9c56-f672-d2e0-490341d0619c" testName="TestMethod1" computerName="KWLATITUDE-PC" duration="00:00:00.0004716" startTime="2012-04-11T07:59:20.8566951-07:00" endTime="2012-04-11T07:59:20.8596953-07:00" testType="13cdc9d9-ddb5-4fa4-a97d-d965ccfc6d4b" outcome="Passed" testListId="8c84fa94-04c1-424b-9868-57a2d4851a1d" relativeResultsDirectory="9c0ef463-ad51-470a-9937-6e62712a4d80">
    </UnitTestResult>
  </Results>
</TestRun>